<?xml version="1.0" encoding="UTF-8"?>
<robot generator="Robot 3.2.1 (Python 3.8.2 on linux)" generated="20211117 18:33:21.850" rpa="false">
<suite id="s1" name="Robot Compare Snapshot" source="/home/devasc/labs/devnet-src/sample-app/Network_Monitor/robot_compare_snapshot.robot">
<test id="s1-t1" name="Connect">
<kw name="use genie testbed &quot;${testbed}&quot;" library="genie.libs.robot.GenieRobot">
<doc>Create the genie testbed</doc>
<msg timestamp="20211117 18:33:24.020" level="INFO">+------------------------------------------------------------------------------+
|                            Genie datafiles used:                             |
+------------------------------------------------------------------------------+</msg>
<msg timestamp="20211117 18:33:24.021" level="INFO">Trigger datafile          | </msg>
<msg timestamp="20211117 18:33:24.021" level="INFO">Verification  datafile    | </msg>
<msg timestamp="20211117 18:33:24.022" level="INFO">Pts datafile              | /home/devasc/.local/lib/python3.8/site-packages/genie/libs/sdk/genie_yamls/pts_datafile.yaml</msg>
<msg timestamp="20211117 18:33:24.022" level="INFO">Subsection datafile       | /home/devasc/.local/lib/python3.8/site-packages/genie/libs/sdk/genie_yamls/subsection_datafile.yaml</msg>
<msg timestamp="20211117 18:33:24.022" level="INFO">Config datafile           | None</msg>
<msg timestamp="20211117 18:33:24.052" level="WARN">Could not load the Datafile correctly</msg>
<status status="PASS" starttime="20211117 18:33:23.942" endtime="20211117 18:33:24.053"></status>
</kw>
<kw name="connect to device &quot;R1&quot;" library="pyats.robot.pyATSRobot">
<doc>Connect to device connection as defined in testbed.yaml</doc>
<msg timestamp="20211117 18:33:24.055" level="INFO">Connecting to device 'Device R1, type iosxe'</msg>
<msg timestamp="20211117 18:33:24.055" level="INFO">kwargs: {}</msg>
<msg timestamp="20211117 18:33:25.328" level="INFO">[2021-11-17 18:33:24,059] +++ R1 logfile /tmp/R1-cli-20211117T183324058.log +++
[2021-11-17 18:33:24,059] +++ Unicon plugin iosxe +++
Password: 
[2021-11-17 18:33:24,403] +++ connection to spawn: ssh -l cisco 192.168.56.105, id: 140681467905792 +++
[2021-11-17 18:33:24,404] connection to R1

C
*                                           *
**                                         **
***                                       ***
***  Cisco Networking Academy             ***
***                                       ***
***  This software is provided for        ***
***   Educational Purposes                ***
***    Only in Networking Academies       ***
***                                       ***
**                                         **
*                                           *



R1#
[2021-11-17 18:33:24,501] +++ initializing handle +++
[2021-11-17 18:33:24,503] +++ R1: executing command 'term length 0' +++
term length 0
R1#
[2021-11-17 18:33:24,668] +++ R1: executing command 'term width 0' +++
term width 0
R1#
[2021-11-17 18:33:24,840] +++ R1: executing command 'show version' +++
show version
Cisco IOS XE Software, Version 16.12.03
Cisco IOS Software [Gibraltar], Virtual XE Software (X86_64_LINUX_IOSD-UNIVERSALK9-M), Version 16.12.3, RELEASE SOFTWARE (fc5)
Technical Support: http://www.cisco.com/techsupport
Copyright (c) 1986-2020 by Cisco Systems, Inc.
Compiled Mon 09-Mar-20 21:50 by mcpre


Cisco IOS-XE software, Copyright (c) 2005-2020 by cisco Systems, Inc.
All rights reserved.  Certain components of Cisco IOS-XE software are
licensed under the GNU General Public License ("GPL") Version 2.0.  The
software code licensed under GPL Version 2.0 is free software that comes
with ABSOLUTELY NO WARRANTY.  You can redistribute and/or modify such
GPL code under the terms of GPL Version 2.0.  For more details, see the
documentation or "License Notice" file accompanying the IOS-XE software,
or the applicable URL provided on the flyer accompanying the IOS-XE
software.


ROM: IOS-XE ROMMON

R1 uptime is 58 minutes
Uptime for this control processor is 1 hour, 0 minutes
System returned to ROM by reload
System image file is "bootflash:packages.conf"
Last reload reason: reload



This product contains cryptographic features and is subject to United
States and local country laws governing import, export, transfer and
use. Delivery of Cisco cryptographic products does not imply
third-party authority to import, export, distribute or use encryption.
Importers, exporters, distributors and users are responsible for
compliance with U.S. and local country laws. By using this product you
agree to comply with applicable laws and regulations. If you are unable
to comply with U.S. and local laws, return this product immediately.

A summary of U.S. laws governing Cisco cryptographic products may be found at:
http://www.cisco.com/wwl/export/crypto/tool/stqrg.html

If you require further assistance please contact us by sending email to
export@cisco.com.

License Level: ax
License Type: N/A(Smart License Enabled)
Next reload license Level: ax


Smart Licensing Status: UNREGISTERED/No Licenses in Use

cisco CSR1000V (VXE) processor (revision VXE) with 2080230K/3075K bytes of memory.
Processor board ID 90F9QEM1E0Y
3 Gigabit Ethernet interfaces
32768K bytes of non-volatile configuration memory.
3978400K bytes of physical memory.
6188032K bytes of virtual hard disk at bootflash:.
0K bytes of WebUI ODM Files at webui:.

Configuration register is 0x2102

R1#
[2021-11-17 18:33:25,047] +++ R1: config +++
config term
Enter configuration commands, one per line.  End with CNTL/Z.
R1(config)#no logging console
R1(config)#line console 0
R1(config-line)#exec-timeout 0
R1(config-line)#end
R1#</msg>
<status status="PASS" starttime="20211117 18:33:24.054" endtime="20211117 18:33:25.329"></status>
</kw>
<kw name="connect to device &quot;R2&quot;" library="pyats.robot.pyATSRobot">
<doc>Connect to device connection as defined in testbed.yaml</doc>
<msg timestamp="20211117 18:33:25.333" level="INFO">Connecting to device 'Device R2, type iosxe'</msg>
<msg timestamp="20211117 18:33:25.333" level="INFO">kwargs: {}</msg>
<msg timestamp="20211117 18:33:26.614" level="INFO">[2021-11-17 18:33:25,339] +++ R2 logfile /tmp/R2-cli-20211117T183325338.log +++
[2021-11-17 18:33:25,340] +++ Unicon plugin iosxe +++
Password: 
[2021-11-17 18:33:25,644] +++ connection to spawn: ssh -l cisco 192.168.56.107, id: 140681467656272 +++
[2021-11-17 18:33:25,644] connection to R2

C
*                                           *
**                                         **
***                                       ***
***  Cisco Networking Academy             ***
***                                       ***
***  This software is provided for        ***
***   Educational Purposes                ***
***    Only in Networking Academies       ***
***                                       ***
**                                         **
*                                           *



R2#
[2021-11-17 18:33:25,730] +++ initializing handle +++
[2021-11-17 18:33:25,731] +++ R2: executing command 'term length 0' +++
term length 0
R2#
[2021-11-17 18:33:25,925] +++ R2: executing command 'term width 0' +++
term width 0
R2#
[2021-11-17 18:33:26,099] +++ R2: executing command 'show version' +++
show version
Cisco IOS XE Software, Version 16.12.03
Cisco IOS Software [Gibraltar], Virtual XE Software (X86_64_LINUX_IOSD-UNIVERSALK9-M), Version 16.12.3, RELEASE SOFTWARE (fc5)
Technical Support: http://www.cisco.com/techsupport
Copyright (c) 1986-2020 by Cisco Systems, Inc.
Compiled Mon 09-Mar-20 21:50 by mcpre


Cisco IOS-XE software, Copyright (c) 2005-2020 by cisco Systems, Inc.
All rights reserved.  Certain components of Cisco IOS-XE software are
licensed under the GNU General Public License ("GPL") Version 2.0.  The
software code licensed under GPL Version 2.0 is free software that comes
with ABSOLUTELY NO WARRANTY.  You can redistribute and/or modify such
GPL code under the terms of GPL Version 2.0.  For more details, see the
documentation or "License Notice" file accompanying the IOS-XE software,
or the applicable URL provided on the flyer accompanying the IOS-XE
software.


ROM: IOS-XE ROMMON

R2 uptime is 58 minutes
Uptime for this control processor is 1 hour, 0 minutes
System returned to ROM by reload
System image file is "bootflash:packages.conf"
Last reload reason: reload



This product contains cryptographic features and is subject to United
States and local country laws governing import, export, transfer and
use. Delivery of Cisco cryptographic products does not imply
third-party authority to import, export, distribute or use encryption.
Importers, exporters, distributors and users are responsible for
compliance with U.S. and local country laws. By using this product you
agree to comply with applicable laws and regulations. If you are unable
to comply with U.S. and local laws, return this product immediately.

A summary of U.S. laws governing Cisco cryptographic products may be found at:
http://www.cisco.com/wwl/export/crypto/tool/stqrg.html

If you require further assistance please contact us by sending email to
export@cisco.com.

License Level: ax
License Type: N/A(Smart License Enabled)
Next reload license Level: ax


Smart Licensing Status: UNREGISTERED/No Licenses in Use

cisco CSR1000V (VXE) processor (revision VXE) with 2080230K/3075K bytes of memory.
Processor board ID 9FT5E3N682U
3 Gigabit Ethernet interfaces
32768K bytes of non-volatile configuration memory.
3978400K bytes of physical memory.
6188032K bytes of virtual hard disk at bootflash:.
0K bytes of WebUI ODM Files at webui:.

Configuration register is 0x2102

R2#
[2021-11-17 18:33:26,318] +++ R2: config +++
config term
Enter configuration commands, one per line.  End with CNTL/Z.
R2(config)#no logging console
R2(config)#line console 0
R2(config-line)#exec-timeout 0
R2(config-line)#end
R2#</msg>
<status status="PASS" starttime="20211117 18:33:25.331" endtime="20211117 18:33:26.615"></status>
</kw>
<status status="PASS" starttime="20211117 18:33:23.940" endtime="20211117 18:33:26.617" critical="yes"></status>
</test>
<test id="s1-t2" name="Profile the devices">
<kw name="Profile the system for &quot;bgp;config;interface;platform;ospf;arp&quot; on devices &quot;R1;R2&quot; as &quot;./new_snapshot&quot;" library="genie.libs.robot.GenieRobot">
<doc>Profile system as per the provided features on the devices</doc>
<msg timestamp="20211117 18:33:26.626" level="INFO">Start learning feature bgp</msg>
<msg timestamp="20211117 18:33:29.016" level="INFO">Could not learn &lt;class 'genie.libs.parser.iosxe.show_bgp.ShowIpBgpTemplatePeerSession'&gt;
Parser Output is empty</msg>
<msg timestamp="20211117 18:33:29.238" level="INFO">Could not learn &lt;class 'genie.libs.parser.iosxe.show_bgp.ShowIpBgpTemplatePeerPolicy'&gt;
Parser Output is empty</msg>
<msg timestamp="20211117 18:33:29.862" level="INFO">Could not learn &lt;class 'genie.libs.parser.iosxe.show_bgp.ShowIpBgpAllDampeningParameters'&gt;
Parser Output is empty</msg>
<msg timestamp="20211117 18:33:30.439" level="INFO">Could not learn &lt;class 'genie.libs.parser.iosxe.show_bgp.ShowBgpAllNeighborsPolicy'&gt;
Parser Output is empty</msg>
<msg timestamp="20211117 18:33:30.696" level="INFO">Could not learn &lt;class 'genie.libs.parser.iosxe.show_bgp.ShowBgpAllNeighborsPolicy'&gt;
Parser Output is empty</msg>
<msg timestamp="20211117 18:33:31.719" level="INFO">Could not learn &lt;class 'genie.libs.parser.iosxe.show_bgp.ShowBgpAllNeighborsAdvertisedRoutes'&gt;
Parser Output is empty</msg>
<msg timestamp="20211117 18:33:32.689" level="INFO">Could not learn &lt;class 'genie.libs.parser.iosxe.show_bgp.ShowBgpAllNeighborsRoutes'&gt;
Parser Output is empty</msg>
<msg timestamp="20211117 18:33:33.649" level="INFO">Could not learn &lt;class 'genie.libs.parser.iosxe.show_bgp.ShowBgpAllNeighborsReceivedRoutes'&gt;
Parser Output is empty</msg>
<msg timestamp="20211117 18:33:34.080" level="INFO">Could not learn &lt;class 'genie.libs.parser.iosxe.show_bgp.ShowBgpAllNeighborsReceivedRoutes'&gt;
Parser Output is empty</msg>
<msg timestamp="20211117 18:33:34.081" level="INFO">+====================================================================================================================================================+</msg>
<msg timestamp="20211117 18:33:34.081" level="INFO">| Commands for learning feature 'Bgp'                                                                                                                |</msg>
<msg timestamp="20211117 18:33:34.081" level="INFO">+====================================================================================================================================================+</msg>
<msg timestamp="20211117 18:33:34.081" level="INFO">| - Parsed commands                                                                                                                                  |</msg>
<msg timestamp="20211117 18:33:34.081" level="INFO">|----------------------------------------------------------------------------------------------------------------------------------------------------|</msg>
<msg timestamp="20211117 18:33:34.081" level="INFO">|   cmd: &lt;class 'genie.libs.parser.iosxe.show_bgp.ShowBgpAllSummary'&gt;, arguments: {'address_family':'','vrf':''}                                     |</msg>
<msg timestamp="20211117 18:33:34.082" level="INFO">|   cmd: &lt;class 'genie.libs.parser.iosxe.show_bgp.ShowBgpAllClusterIds'&gt;                                                                             |</msg>
<msg timestamp="20211117 18:33:34.082" level="INFO">|   cmd: &lt;class 'genie.libs.parser.iosxe.show_bgp.ShowBgpAllNeighbors'&gt;, arguments: {'address_family':'','neighbor':''}                              |</msg>
<msg timestamp="20211117 18:33:34.082" level="INFO">|   cmd: &lt;class 'genie.libs.parser.iosxe.show_bgp.ShowBgpAll'&gt;, arguments: {'address_family':''}                                                     |</msg>
<msg timestamp="20211117 18:33:34.082" level="INFO">|   cmd: &lt;class 'genie.libs.parser.iosxe.show_bgp.ShowBgpAllDetail'&gt;, arguments: {'address_family':'','vrf':''}                                      |</msg>
<msg timestamp="20211117 18:33:34.082" level="INFO">|   cmd: &lt;class 'genie.libs.parser.iosxe.show_bgp.ShowBgpAllNeighborsAdvertisedRoutes'&gt;, arguments:                                                  |</msg>
<msg timestamp="20211117 18:33:34.082" level="INFO">| {'address_family':'','neighbor':'192.168.157.102'}                                                                                                 |</msg>
<msg timestamp="20211117 18:33:34.082" level="INFO">|   cmd: &lt;class 'genie.libs.parser.iosxe.show_bgp.ShowBgpAllNeighborsRoutes'&gt;, arguments: {'address_family':'','neighbor':'192.168.157.102'}         |</msg>
<msg timestamp="20211117 18:33:34.082" level="INFO">|====================================================================================================================================================|</msg>
<msg timestamp="20211117 18:33:34.082" level="INFO">| - Commands with empty output                                                                                                                       |</msg>
<msg timestamp="20211117 18:33:34.083" level="INFO">|----------------------------------------------------------------------------------------------------------------------------------------------------|</msg>
<msg timestamp="20211117 18:33:34.083" level="INFO">|   cmd: &lt;class 'genie.libs.parser.iosxe.show_bgp.ShowIpBgpTemplatePeerSession'&gt;                                                                     |</msg>
<msg timestamp="20211117 18:33:34.083" level="INFO">|   cmd: &lt;class 'genie.libs.parser.iosxe.show_bgp.ShowIpBgpTemplatePeerPolicy'&gt;                                                                      |</msg>
<msg timestamp="20211117 18:33:34.083" level="INFO">|   cmd: &lt;class 'genie.libs.parser.iosxe.show_bgp.ShowIpBgpAllDampeningParameters'&gt;                                                                  |</msg>
<msg timestamp="20211117 18:33:34.083" level="INFO">|   cmd: &lt;class 'genie.libs.parser.iosxe.show_bgp.ShowBgpAllNeighborsPolicy'&gt;, arguments: {'neighbor':'192.168.148.102'}                             |</msg>
<msg timestamp="20211117 18:33:34.083" level="INFO">|   cmd: &lt;class 'genie.libs.parser.iosxe.show_bgp.ShowBgpAllNeighborsPolicy'&gt;, arguments: {'neighbor':'192.168.157.102'}                             |</msg>
<msg timestamp="20211117 18:33:34.083" level="INFO">|   cmd: &lt;class 'genie.libs.parser.iosxe.show_bgp.ShowBgpAllNeighborsAdvertisedRoutes'&gt;, arguments:                                                  |</msg>
<msg timestamp="20211117 18:33:34.083" level="INFO">| {'address_family':'','neighbor':'192.168.148.102'}                                                                                                 |</msg>
<msg timestamp="20211117 18:33:34.084" level="INFO">|   cmd: &lt;class 'genie.libs.parser.iosxe.show_bgp.ShowBgpAllNeighborsRoutes'&gt;, arguments: {'address_family':'','neighbor':'192.168.148.102'}         |</msg>
<msg timestamp="20211117 18:33:34.084" level="INFO">|   cmd: &lt;class 'genie.libs.parser.iosxe.show_bgp.ShowBgpAllNeighborsReceivedRoutes'&gt;, arguments: {'address_family':'','neighbor':'192.168.148.102'} |</msg>
<msg timestamp="20211117 18:33:34.084" level="INFO">|   cmd: &lt;class 'genie.libs.parser.iosxe.show_bgp.ShowBgpAllNeighborsReceivedRoutes'&gt;, arguments: {'address_family':'','neighbor':'192.168.157.102'} |</msg>
<msg timestamp="20211117 18:33:34.084" level="INFO">|====================================================================================================================================================|</msg>
<msg timestamp="20211117 18:33:34.087" level="INFO">Start learning device configuration</msg>
<msg timestamp="20211117 18:33:34.370" level="INFO">Start learning feature interface</msg>
<msg timestamp="20211117 18:33:34.525" level="INFO">Could not learn &lt;class 'genie.libs.parser.iosxe.show_vrf.ShowVrf'&gt;
Parser Output is empty</msg>
<msg timestamp="20211117 18:33:35.408" level="INFO">Could not learn &lt;class 'genie.libs.parser.iosxe.show_interface.ShowIpv6Interface'&gt;
Parser Output is empty</msg>
<msg timestamp="20211117 18:33:35.409" level="INFO">+====================================================================================================================================================+</msg>
<msg timestamp="20211117 18:33:35.410" level="INFO">| Commands for learning feature 'Interface'                                                                                                          |</msg>
<msg timestamp="20211117 18:33:35.410" level="INFO">+====================================================================================================================================================+</msg>
<msg timestamp="20211117 18:33:35.410" level="INFO">| - Parsed commands                                                                                                                                  |</msg>
<msg timestamp="20211117 18:33:35.410" level="INFO">|----------------------------------------------------------------------------------------------------------------------------------------------------|</msg>
<msg timestamp="20211117 18:33:35.410" level="INFO">|   cmd: &lt;class 'genie.libs.parser.iosxe.show_interface.ShowInterfaces'&gt;, arguments: {'interface':''}                                                |</msg>
<msg timestamp="20211117 18:33:35.410" level="INFO">|   cmd: &lt;class 'genie.libs.parser.iosxe.show_interface.ShowInterfacesAccounting'&gt;, arguments: {'interface':''}                                      |</msg>
<msg timestamp="20211117 18:33:35.410" level="INFO">|   cmd: &lt;class 'genie.libs.parser.iosxe.show_interface.ShowIpInterface'&gt;, arguments: {'interface':''}                                               |</msg>
<msg timestamp="20211117 18:33:35.410" level="INFO">|====================================================================================================================================================|</msg>
<msg timestamp="20211117 18:33:35.410" level="INFO">| - Commands with empty output                                                                                                                       |</msg>
<msg timestamp="20211117 18:33:35.410" level="INFO">|----------------------------------------------------------------------------------------------------------------------------------------------------|</msg>
<msg timestamp="20211117 18:33:35.410" level="INFO">|   cmd: &lt;class 'genie.libs.parser.iosxe.show_vrf.ShowVrf'&gt;, arguments: {'vrf':''}                                                                   |</msg>
<msg timestamp="20211117 18:33:35.411" level="INFO">|   cmd: &lt;class 'genie.libs.parser.iosxe.show_interface.ShowIpv6Interface'&gt;, arguments: {'interface':''}                                             |</msg>
<msg timestamp="20211117 18:33:35.411" level="INFO">|====================================================================================================================================================|</msg>
<msg timestamp="20211117 18:33:35.455" level="INFO">Start learning feature platform</msg>
<msg timestamp="20211117 18:33:47.264" level="INFO">+====================================================================================================================================================+</msg>
<msg timestamp="20211117 18:33:47.264" level="INFO">| Commands for learning feature 'Platform'                                                                                                           |</msg>
<msg timestamp="20211117 18:33:47.265" level="INFO">+====================================================================================================================================================+</msg>
<msg timestamp="20211117 18:33:47.265" level="INFO">| - Parsed commands                                                                                                                                  |</msg>
<msg timestamp="20211117 18:33:47.265" level="INFO">|----------------------------------------------------------------------------------------------------------------------------------------------------|</msg>
<msg timestamp="20211117 18:33:47.265" level="INFO">|   cmd: &lt;class 'genie.libs.parser.iosxe.show_platform.ShowVersion'&gt;                                                                                 |</msg>
<msg timestamp="20211117 18:33:47.265" level="INFO">|   cmd: &lt;class 'genie.libs.parser.iosxe.show_platform.Dir'&gt;                                                                                         |</msg>
<msg timestamp="20211117 18:33:47.265" level="INFO">|   cmd: &lt;class 'genie.libs.parser.iosxe.show_platform.ShowRedundancy'&gt;                                                                              |</msg>
<msg timestamp="20211117 18:33:47.265" level="INFO">|   cmd: &lt;class 'genie.libs.parser.iosxe.show_platform.ShowInventory'&gt;                                                                               |</msg>
<msg timestamp="20211117 18:33:47.266" level="INFO">|   cmd: &lt;class 'genie.libs.parser.iosxe.show_issu.ShowIssuRollbackTimer'&gt;                                                                           |</msg>
<msg timestamp="20211117 18:33:47.266" level="INFO">|   cmd: &lt;class 'genie.libs.parser.iosxe.show_platform.ShowPlatform'&gt;                                                                                |</msg>
<msg timestamp="20211117 18:33:47.266" level="INFO">|   cmd: &lt;class 'genie.libs.parser.iosxe.show_issu.ShowIssuStateDetail'&gt;                                                                             |</msg>
<msg timestamp="20211117 18:33:47.266" level="INFO">|====================================================================================================================================================|</msg>
<msg timestamp="20211117 18:33:47.277" level="INFO">Start learning feature ospf</msg>
<msg timestamp="20211117 18:33:50.393" level="INFO">Could not learn &lt;class 'genie.libs.parser.iosxe.show_ospf.ShowIpOspfVirtualLinks'&gt;
Parser Output is empty</msg>
<msg timestamp="20211117 18:33:53.779" level="INFO">Could not learn &lt;class 'genie.libs.parser.iosxe.show_ospf.ShowIpOspfShamLinks'&gt;
Parser Output is empty</msg>
<msg timestamp="20211117 18:33:53.780" level="INFO">+====================================================================================================================================================+</msg>
<msg timestamp="20211117 18:33:53.780" level="INFO">| Commands for learning feature 'Ospf'                                                                                                               |</msg>
<msg timestamp="20211117 18:33:53.780" level="INFO">+====================================================================================================================================================+</msg>
<msg timestamp="20211117 18:33:53.780" level="INFO">| - Parsed commands                                                                                                                                  |</msg>
<msg timestamp="20211117 18:33:53.780" level="INFO">|----------------------------------------------------------------------------------------------------------------------------------------------------|</msg>
<msg timestamp="20211117 18:33:53.780" level="INFO">|   cmd: &lt;class 'genie.libs.parser.iosxe.show_ospf.ShowIpOspf'&gt;                                                                                      |</msg>
<msg timestamp="20211117 18:33:53.780" level="INFO">|   cmd: &lt;class 'genie.libs.parser.iosxe.show_protocols.ShowIpProtocols'&gt;, arguments: {'vrf':''}                                                     |</msg>
<msg timestamp="20211117 18:33:53.780" level="INFO">|   cmd: &lt;class 'genie.libs.parser.iosxe.show_ospf.ShowIpOspfMplsLdpInterface'&gt;, arguments: {'interface':''}                                         |</msg>
<msg timestamp="20211117 18:33:53.780" level="INFO">|   cmd: &lt;class 'genie.libs.parser.iosxe.show_ospf.ShowIpOspfMplsTrafficEngLink'&gt;                                                                    |</msg>
<msg timestamp="20211117 18:33:53.781" level="INFO">|   cmd: &lt;class 'genie.libs.parser.iosxe.show_ospf.ShowIpOspfDatabaseRouter'&gt;                                                                        |</msg>
<msg timestamp="20211117 18:33:53.781" level="INFO">|   cmd: &lt;class 'genie.libs.parser.iosxe.show_ospf.ShowIpOspfDatabaseNetwork'&gt;                                                                       |</msg>
<msg timestamp="20211117 18:33:53.781" level="INFO">|   cmd: &lt;class 'genie.libs.parser.iosxe.show_ospf.ShowIpOspfDatabaseExternal'&gt;                                                                      |</msg>
<msg timestamp="20211117 18:33:53.781" level="INFO">|   cmd: &lt;class 'genie.libs.parser.iosxe.show_ospf.ShowIpOspfDatabaseSummary'&gt;                                                                       |</msg>
<msg timestamp="20211117 18:33:53.781" level="INFO">|   cmd: &lt;class 'genie.libs.parser.iosxe.show_ospf.ShowIpOspfDatabaseOpaqueArea'&gt;                                                                    |</msg>
<msg timestamp="20211117 18:33:53.781" level="INFO">|   cmd: &lt;class 'genie.libs.parser.iosxe.show_ospf.ShowIpOspfInterface'&gt;, arguments: {'interface':''}                                                |</msg>
<msg timestamp="20211117 18:33:53.781" level="INFO">|   cmd: &lt;class 'genie.libs.parser.iosxe.show_ospf.ShowIpOspfNeighborDetail'&gt;, arguments: {'neighbor':''}                                            |</msg>
<msg timestamp="20211117 18:33:53.781" level="INFO">|====================================================================================================================================================|</msg>
<msg timestamp="20211117 18:33:53.782" level="INFO">| - Commands with empty output                                                                                                                       |</msg>
<msg timestamp="20211117 18:33:53.782" level="INFO">|----------------------------------------------------------------------------------------------------------------------------------------------------|</msg>
<msg timestamp="20211117 18:33:53.782" level="INFO">|   cmd: &lt;class 'genie.libs.parser.iosxe.show_ospf.ShowIpOspfVirtualLinks'&gt;                                                                          |</msg>
<msg timestamp="20211117 18:33:53.782" level="INFO">|   cmd: &lt;class 'genie.libs.parser.iosxe.show_ospf.ShowIpOspfShamLinks'&gt;                                                                             |</msg>
<msg timestamp="20211117 18:33:53.782" level="INFO">|====================================================================================================================================================|</msg>
<msg timestamp="20211117 18:33:53.944" level="INFO">Start learning feature arp</msg>
<msg timestamp="20211117 18:33:54.274" level="INFO">Could not learn &lt;class 'genie.libs.parser.iosxe.show_vrf.ShowVrf'&gt;
Parser Output is empty</msg>
<msg timestamp="20211117 18:33:54.873" level="INFO">+====================================================================================================================================================+</msg>
<msg timestamp="20211117 18:33:54.874" level="INFO">| Commands for learning feature 'Arp'                                                                                                                |</msg>
<msg timestamp="20211117 18:33:54.874" level="INFO">+====================================================================================================================================================+</msg>
<msg timestamp="20211117 18:33:54.874" level="INFO">| - Parsed commands                                                                                                                                  |</msg>
<msg timestamp="20211117 18:33:54.874" level="INFO">|----------------------------------------------------------------------------------------------------------------------------------------------------|</msg>
<msg timestamp="20211117 18:33:54.874" level="INFO">|   cmd: &lt;class 'genie.libs.parser.iosxe.show_arp.ShowIpArp'&gt;                                                                                        |</msg>
<msg timestamp="20211117 18:33:54.874" level="INFO">|   cmd: &lt;class 'genie.libs.parser.iosxe.show_interface.ShowIpInterface'&gt;                                                                            |</msg>
<msg timestamp="20211117 18:33:54.874" level="INFO">|   cmd: &lt;class 'genie.libs.parser.iosxe.show_arp.ShowIpArpSummary'&gt;                                                                                 |</msg>
<msg timestamp="20211117 18:33:54.874" level="INFO">|   cmd: &lt;class 'genie.libs.parser.iosxe.show_arp.ShowIpTraffic'&gt;                                                                                    |</msg>
<msg timestamp="20211117 18:33:54.874" level="INFO">|====================================================================================================================================================|</msg>
<msg timestamp="20211117 18:33:54.874" level="INFO">| - Commands with empty output                                                                                                                       |</msg>
<msg timestamp="20211117 18:33:54.874" level="INFO">|----------------------------------------------------------------------------------------------------------------------------------------------------|</msg>
<msg timestamp="20211117 18:33:54.875" level="INFO">|   cmd: &lt;class 'genie.libs.parser.iosxe.show_vrf.ShowVrf'&gt;                                                                                          |</msg>
<msg timestamp="20211117 18:33:54.875" level="INFO">|====================================================================================================================================================|</msg>
<msg timestamp="20211117 18:33:54.882" level="INFO">Start learning feature bgp</msg>
<msg timestamp="20211117 18:33:55.579" level="INFO">Could not learn &lt;class 'genie.libs.parser.iosxe.show_bgp.ShowIpBgpTemplatePeerSession'&gt;
Parser Output is empty</msg>
<msg timestamp="20211117 18:33:55.809" level="INFO">Could not learn &lt;class 'genie.libs.parser.iosxe.show_bgp.ShowIpBgpTemplatePeerPolicy'&gt;
Parser Output is empty</msg>
<msg timestamp="20211117 18:33:56.423" level="INFO">Could not learn &lt;class 'genie.libs.parser.iosxe.show_bgp.ShowIpBgpAllDampeningParameters'&gt;
Parser Output is empty</msg>
<msg timestamp="20211117 18:33:57.039" level="INFO">Could not learn &lt;class 'genie.libs.parser.iosxe.show_bgp.ShowBgpAllNeighborsPolicy'&gt;
Parser Output is empty</msg>
<msg timestamp="20211117 18:33:57.343" level="INFO">Could not learn &lt;class 'genie.libs.parser.iosxe.show_bgp.ShowBgpAllNeighborsPolicy'&gt;
Parser Output is empty</msg>
<msg timestamp="20211117 18:34:00.202" level="INFO">Could not learn &lt;class 'genie.libs.parser.iosxe.show_bgp.ShowBgpAllNeighborsReceivedRoutes'&gt;
Parser Output is empty</msg>
<msg timestamp="20211117 18:34:00.648" level="INFO">Could not learn &lt;class 'genie.libs.parser.iosxe.show_bgp.ShowBgpAllNeighborsReceivedRoutes'&gt;
Parser Output is empty</msg>
<msg timestamp="20211117 18:34:00.650" level="INFO">+====================================================================================================================================================+</msg>
<msg timestamp="20211117 18:34:00.650" level="INFO">| Commands for learning feature 'Bgp'                                                                                                                |</msg>
<msg timestamp="20211117 18:34:00.650" level="INFO">+====================================================================================================================================================+</msg>
<msg timestamp="20211117 18:34:00.650" level="INFO">| - Parsed commands                                                                                                                                  |</msg>
<msg timestamp="20211117 18:34:00.650" level="INFO">|----------------------------------------------------------------------------------------------------------------------------------------------------|</msg>
<msg timestamp="20211117 18:34:00.650" level="INFO">|   cmd: &lt;class 'genie.libs.parser.iosxe.show_bgp.ShowBgpAllSummary'&gt;, arguments: {'address_family':'','vrf':''}                                     |</msg>
<msg timestamp="20211117 18:34:00.650" level="INFO">|   cmd: &lt;class 'genie.libs.parser.iosxe.show_bgp.ShowBgpAllClusterIds'&gt;                                                                             |</msg>
<msg timestamp="20211117 18:34:00.651" level="INFO">|   cmd: &lt;class 'genie.libs.parser.iosxe.show_bgp.ShowBgpAllNeighbors'&gt;, arguments: {'address_family':'','neighbor':''}                              |</msg>
<msg timestamp="20211117 18:34:00.651" level="INFO">|   cmd: &lt;class 'genie.libs.parser.iosxe.show_bgp.ShowBgpAll'&gt;, arguments: {'address_family':''}                                                     |</msg>
<msg timestamp="20211117 18:34:00.651" level="INFO">|   cmd: &lt;class 'genie.libs.parser.iosxe.show_bgp.ShowBgpAllDetail'&gt;, arguments: {'address_family':'','vrf':''}                                      |</msg>
<msg timestamp="20211117 18:34:00.651" level="INFO">|   cmd: &lt;class 'genie.libs.parser.iosxe.show_bgp.ShowBgpAllNeighborsAdvertisedRoutes'&gt;, arguments:                                                  |</msg>
<msg timestamp="20211117 18:34:00.651" level="INFO">| {'address_family':'','neighbor':'192.168.148.101'}                                                                                                 |</msg>
<msg timestamp="20211117 18:34:00.652" level="INFO">|   cmd: &lt;class 'genie.libs.parser.iosxe.show_bgp.ShowBgpAllNeighborsAdvertisedRoutes'&gt;, arguments:                                                  |</msg>
<msg timestamp="20211117 18:34:00.652" level="INFO">| {'address_family':'','neighbor':'192.168.157.101'}                                                                                                 |</msg>
<msg timestamp="20211117 18:34:00.652" level="INFO">|   cmd: &lt;class 'genie.libs.parser.iosxe.show_bgp.ShowBgpAllNeighborsRoutes'&gt;, arguments: {'address_family':'','neighbor':'192.168.148.101'}         |</msg>
<msg timestamp="20211117 18:34:00.652" level="INFO">|   cmd: &lt;class 'genie.libs.parser.iosxe.show_bgp.ShowBgpAllNeighborsRoutes'&gt;, arguments: {'address_family':'','neighbor':'192.168.157.101'}         |</msg>
<msg timestamp="20211117 18:34:00.652" level="INFO">|====================================================================================================================================================|</msg>
<msg timestamp="20211117 18:34:00.652" level="INFO">| - Commands with empty output                                                                                                                       |</msg>
<msg timestamp="20211117 18:34:00.652" level="INFO">|----------------------------------------------------------------------------------------------------------------------------------------------------|</msg>
<msg timestamp="20211117 18:34:00.652" level="INFO">|   cmd: &lt;class 'genie.libs.parser.iosxe.show_bgp.ShowIpBgpTemplatePeerSession'&gt;                                                                     |</msg>
<msg timestamp="20211117 18:34:00.652" level="INFO">|   cmd: &lt;class 'genie.libs.parser.iosxe.show_bgp.ShowIpBgpTemplatePeerPolicy'&gt;                                                                      |</msg>
<msg timestamp="20211117 18:34:00.652" level="INFO">|   cmd: &lt;class 'genie.libs.parser.iosxe.show_bgp.ShowIpBgpAllDampeningParameters'&gt;                                                                  |</msg>
<msg timestamp="20211117 18:34:00.653" level="INFO">|   cmd: &lt;class 'genie.libs.parser.iosxe.show_bgp.ShowBgpAllNeighborsPolicy'&gt;, arguments: {'neighbor':'192.168.148.101'}                             |</msg>
<msg timestamp="20211117 18:34:00.653" level="INFO">|   cmd: &lt;class 'genie.libs.parser.iosxe.show_bgp.ShowBgpAllNeighborsPolicy'&gt;, arguments: {'neighbor':'192.168.157.101'}                             |</msg>
<msg timestamp="20211117 18:34:00.653" level="INFO">|   cmd: &lt;class 'genie.libs.parser.iosxe.show_bgp.ShowBgpAllNeighborsReceivedRoutes'&gt;, arguments: {'address_family':'','neighbor':'192.168.148.101'} |</msg>
<msg timestamp="20211117 18:34:00.653" level="INFO">|   cmd: &lt;class 'genie.libs.parser.iosxe.show_bgp.ShowBgpAllNeighborsReceivedRoutes'&gt;, arguments: {'address_family':'','neighbor':'192.168.157.101'} |</msg>
<msg timestamp="20211117 18:34:00.653" level="INFO">|====================================================================================================================================================|</msg>
<msg timestamp="20211117 18:34:00.660" level="INFO">Start learning device configuration</msg>
<msg timestamp="20211117 18:34:00.987" level="INFO">Start learning feature interface</msg>
<msg timestamp="20211117 18:34:01.149" level="INFO">Could not learn &lt;class 'genie.libs.parser.iosxe.show_vrf.ShowVrf'&gt;
Parser Output is empty</msg>
<msg timestamp="20211117 18:34:02.058" level="INFO">Could not learn &lt;class 'genie.libs.parser.iosxe.show_interface.ShowIpv6Interface'&gt;
Parser Output is empty</msg>
<msg timestamp="20211117 18:34:02.059" level="INFO">+====================================================================================================================================================+</msg>
<msg timestamp="20211117 18:34:02.059" level="INFO">| Commands for learning feature 'Interface'                                                                                                          |</msg>
<msg timestamp="20211117 18:34:02.059" level="INFO">+====================================================================================================================================================+</msg>
<msg timestamp="20211117 18:34:02.059" level="INFO">| - Parsed commands                                                                                                                                  |</msg>
<msg timestamp="20211117 18:34:02.059" level="INFO">|----------------------------------------------------------------------------------------------------------------------------------------------------|</msg>
<msg timestamp="20211117 18:34:02.059" level="INFO">|   cmd: &lt;class 'genie.libs.parser.iosxe.show_interface.ShowInterfaces'&gt;, arguments: {'interface':''}                                                |</msg>
<msg timestamp="20211117 18:34:02.059" level="INFO">|   cmd: &lt;class 'genie.libs.parser.iosxe.show_interface.ShowInterfacesAccounting'&gt;, arguments: {'interface':''}                                      |</msg>
<msg timestamp="20211117 18:34:02.059" level="INFO">|   cmd: &lt;class 'genie.libs.parser.iosxe.show_interface.ShowIpInterface'&gt;, arguments: {'interface':''}                                               |</msg>
<msg timestamp="20211117 18:34:02.059" level="INFO">|====================================================================================================================================================|</msg>
<msg timestamp="20211117 18:34:02.059" level="INFO">| - Commands with empty output                                                                                                                       |</msg>
<msg timestamp="20211117 18:34:02.060" level="INFO">|----------------------------------------------------------------------------------------------------------------------------------------------------|</msg>
<msg timestamp="20211117 18:34:02.060" level="INFO">|   cmd: &lt;class 'genie.libs.parser.iosxe.show_vrf.ShowVrf'&gt;, arguments: {'vrf':''}                                                                   |</msg>
<msg timestamp="20211117 18:34:02.060" level="INFO">|   cmd: &lt;class 'genie.libs.parser.iosxe.show_interface.ShowIpv6Interface'&gt;, arguments: {'interface':''}                                             |</msg>
<msg timestamp="20211117 18:34:02.060" level="INFO">|====================================================================================================================================================|</msg>
<msg timestamp="20211117 18:34:02.098" level="INFO">Start learning feature platform</msg>
<msg timestamp="20211117 18:34:14.360" level="INFO">+====================================================================================================================================================+</msg>
<msg timestamp="20211117 18:34:14.360" level="INFO">| Commands for learning feature 'Platform'                                                                                                           |</msg>
<msg timestamp="20211117 18:34:14.361" level="INFO">+====================================================================================================================================================+</msg>
<msg timestamp="20211117 18:34:14.361" level="INFO">| - Parsed commands                                                                                                                                  |</msg>
<msg timestamp="20211117 18:34:14.361" level="INFO">|----------------------------------------------------------------------------------------------------------------------------------------------------|</msg>
<msg timestamp="20211117 18:34:14.361" level="INFO">|   cmd: &lt;class 'genie.libs.parser.iosxe.show_platform.ShowVersion'&gt;                                                                                 |</msg>
<msg timestamp="20211117 18:34:14.361" level="INFO">|   cmd: &lt;class 'genie.libs.parser.iosxe.show_platform.Dir'&gt;                                                                                         |</msg>
<msg timestamp="20211117 18:34:14.361" level="INFO">|   cmd: &lt;class 'genie.libs.parser.iosxe.show_platform.ShowRedundancy'&gt;                                                                              |</msg>
<msg timestamp="20211117 18:34:14.361" level="INFO">|   cmd: &lt;class 'genie.libs.parser.iosxe.show_platform.ShowInventory'&gt;                                                                               |</msg>
<msg timestamp="20211117 18:34:14.361" level="INFO">|   cmd: &lt;class 'genie.libs.parser.iosxe.show_issu.ShowIssuRollbackTimer'&gt;                                                                           |</msg>
<msg timestamp="20211117 18:34:14.361" level="INFO">|   cmd: &lt;class 'genie.libs.parser.iosxe.show_platform.ShowPlatform'&gt;                                                                                |</msg>
<msg timestamp="20211117 18:34:14.361" level="INFO">|   cmd: &lt;class 'genie.libs.parser.iosxe.show_issu.ShowIssuStateDetail'&gt;                                                                             |</msg>
<msg timestamp="20211117 18:34:14.361" level="INFO">|====================================================================================================================================================|</msg>
<msg timestamp="20211117 18:34:14.367" level="INFO">Start learning feature ospf</msg>
<msg timestamp="20211117 18:34:17.523" level="INFO">Could not learn &lt;class 'genie.libs.parser.iosxe.show_ospf.ShowIpOspfVirtualLinks'&gt;
Parser Output is empty</msg>
<msg timestamp="20211117 18:34:21.071" level="INFO">Could not learn &lt;class 'genie.libs.parser.iosxe.show_ospf.ShowIpOspfShamLinks'&gt;
Parser Output is empty</msg>
<msg timestamp="20211117 18:34:21.072" level="INFO">+====================================================================================================================================================+</msg>
<msg timestamp="20211117 18:34:21.072" level="INFO">| Commands for learning feature 'Ospf'                                                                                                               |</msg>
<msg timestamp="20211117 18:34:21.073" level="INFO">+====================================================================================================================================================+</msg>
<msg timestamp="20211117 18:34:21.073" level="INFO">| - Parsed commands                                                                                                                                  |</msg>
<msg timestamp="20211117 18:34:21.073" level="INFO">|----------------------------------------------------------------------------------------------------------------------------------------------------|</msg>
<msg timestamp="20211117 18:34:21.073" level="INFO">|   cmd: &lt;class 'genie.libs.parser.iosxe.show_ospf.ShowIpOspf'&gt;                                                                                      |</msg>
<msg timestamp="20211117 18:34:21.073" level="INFO">|   cmd: &lt;class 'genie.libs.parser.iosxe.show_protocols.ShowIpProtocols'&gt;, arguments: {'vrf':''}                                                     |</msg>
<msg timestamp="20211117 18:34:21.073" level="INFO">|   cmd: &lt;class 'genie.libs.parser.iosxe.show_ospf.ShowIpOspfMplsLdpInterface'&gt;, arguments: {'interface':''}                                         |</msg>
<msg timestamp="20211117 18:34:21.073" level="INFO">|   cmd: &lt;class 'genie.libs.parser.iosxe.show_ospf.ShowIpOspfMplsTrafficEngLink'&gt;                                                                    |</msg>
<msg timestamp="20211117 18:34:21.073" level="INFO">|   cmd: &lt;class 'genie.libs.parser.iosxe.show_ospf.ShowIpOspfDatabaseRouter'&gt;                                                                        |</msg>
<msg timestamp="20211117 18:34:21.073" level="INFO">|   cmd: &lt;class 'genie.libs.parser.iosxe.show_ospf.ShowIpOspfDatabaseNetwork'&gt;                                                                       |</msg>
<msg timestamp="20211117 18:34:21.073" level="INFO">|   cmd: &lt;class 'genie.libs.parser.iosxe.show_ospf.ShowIpOspfDatabaseExternal'&gt;                                                                      |</msg>
<msg timestamp="20211117 18:34:21.073" level="INFO">|   cmd: &lt;class 'genie.libs.parser.iosxe.show_ospf.ShowIpOspfDatabaseSummary'&gt;                                                                       |</msg>
<msg timestamp="20211117 18:34:21.073" level="INFO">|   cmd: &lt;class 'genie.libs.parser.iosxe.show_ospf.ShowIpOspfDatabaseOpaqueArea'&gt;                                                                    |</msg>
<msg timestamp="20211117 18:34:21.073" level="INFO">|   cmd: &lt;class 'genie.libs.parser.iosxe.show_ospf.ShowIpOspfInterface'&gt;, arguments: {'interface':''}                                                |</msg>
<msg timestamp="20211117 18:34:21.074" level="INFO">|   cmd: &lt;class 'genie.libs.parser.iosxe.show_ospf.ShowIpOspfNeighborDetail'&gt;, arguments: {'neighbor':''}                                            |</msg>
<msg timestamp="20211117 18:34:21.074" level="INFO">|====================================================================================================================================================|</msg>
<msg timestamp="20211117 18:34:21.074" level="INFO">| - Commands with empty output                                                                                                                       |</msg>
<msg timestamp="20211117 18:34:21.074" level="INFO">|----------------------------------------------------------------------------------------------------------------------------------------------------|</msg>
<msg timestamp="20211117 18:34:21.074" level="INFO">|   cmd: &lt;class 'genie.libs.parser.iosxe.show_ospf.ShowIpOspfVirtualLinks'&gt;                                                                          |</msg>
<msg timestamp="20211117 18:34:21.074" level="INFO">|   cmd: &lt;class 'genie.libs.parser.iosxe.show_ospf.ShowIpOspfShamLinks'&gt;                                                                             |</msg>
<msg timestamp="20211117 18:34:21.074" level="INFO">|====================================================================================================================================================|</msg>
<msg timestamp="20211117 18:34:21.386" level="INFO">Start learning feature arp</msg>
<msg timestamp="20211117 18:34:21.691" level="INFO">Could not learn &lt;class 'genie.libs.parser.iosxe.show_vrf.ShowVrf'&gt;
Parser Output is empty</msg>
<msg timestamp="20211117 18:34:22.352" level="INFO">+====================================================================================================================================================+</msg>
<msg timestamp="20211117 18:34:22.352" level="INFO">| Commands for learning feature 'Arp'                                                                                                                |</msg>
<msg timestamp="20211117 18:34:22.353" level="INFO">+====================================================================================================================================================+</msg>
<msg timestamp="20211117 18:34:22.354" level="INFO">| - Parsed commands                                                                                                                                  |</msg>
<msg timestamp="20211117 18:34:22.354" level="INFO">|----------------------------------------------------------------------------------------------------------------------------------------------------|</msg>
<msg timestamp="20211117 18:34:22.354" level="INFO">|   cmd: &lt;class 'genie.libs.parser.iosxe.show_arp.ShowIpArp'&gt;                                                                                        |</msg>
<msg timestamp="20211117 18:34:22.354" level="INFO">|   cmd: &lt;class 'genie.libs.parser.iosxe.show_interface.ShowIpInterface'&gt;                                                                            |</msg>
<msg timestamp="20211117 18:34:22.355" level="INFO">|   cmd: &lt;class 'genie.libs.parser.iosxe.show_arp.ShowIpArpSummary'&gt;                                                                                 |</msg>
<msg timestamp="20211117 18:34:22.355" level="INFO">|   cmd: &lt;class 'genie.libs.parser.iosxe.show_arp.ShowIpTraffic'&gt;                                                                                    |</msg>
<msg timestamp="20211117 18:34:22.355" level="INFO">|====================================================================================================================================================|</msg>
<msg timestamp="20211117 18:34:22.355" level="INFO">| - Commands with empty output                                                                                                                       |</msg>
<msg timestamp="20211117 18:34:22.355" level="INFO">|----------------------------------------------------------------------------------------------------------------------------------------------------|</msg>
<msg timestamp="20211117 18:34:22.355" level="INFO">|   cmd: &lt;class 'genie.libs.parser.iosxe.show_vrf.ShowVrf'&gt;                                                                                          |</msg>
<msg timestamp="20211117 18:34:22.356" level="INFO">|====================================================================================================================================================|</msg>
<msg timestamp="20211117 18:34:22.917" level="INFO">Saved system profile as file: /home/devasc/labs/devnet-src/sample-app/Network_Monitor/./new_snapshot_R2_arp_pts.json</msg>
<msg timestamp="20211117 18:34:22.923" level="INFO">[2021-11-17 18:33:28,452] +++ R1: executing command 'show bgp all summary' +++
show bgp all summary
For address family: IPv4 Unicast
BGP router identifier 11.1.1.1, local AS number 65001
BGP table version is 11, main routing table version 11
4 network entries using 992 bytes of memory
4 path entries using 544 bytes of memory
2/2 BGP path/bestpath attribute entries using 576 bytes of memory
1 BGP AS-PATH entries using 24 bytes of memory
0 BGP route-map cache entries using 0 bytes of memory
0 BGP filter-list cache entries using 0 bytes of memory
BGP using 2136 total bytes of memory
BGP activity 4/0 prefixes, 8/4 paths, scan interval 60 secs
4 networks peaked at 17:45:12 Nov 17 2021 UTC (00:30:55.568 ago)

Neighbor        V           AS MsgRcvd MsgSent   TblVer  InQ OutQ Up/Down  State/PfxRcd
192.168.148.102 4        65002       0       0        1    0    0 00:00:13 Idle
192.168.157.102 4        65002      43      43       11    0    0 00:31:48        2
R1#
[2021-11-17 18:33:28,678] +++ R1: executing command 'show ip bgp template peer-session' +++
show ip bgp template peer-session
No templates configured

R1#
[2021-11-17 18:33:29,017] +++ R1: executing command 'show ip bgp template peer-policy' +++
show ip bgp template peer-policy
No templates configured

R1#
[2021-11-17 18:33:29,240] +++ R1: executing command 'show vrf detail | inc \(VRF' +++
show vrf detail | inc \(VRF
R1#
[2021-11-17 18:33:29,447] +++ R1: executing command 'show bgp all cluster-ids' +++
show bgp all cluster-ids
Global cluster-id: 11.1.1.1 (configured: 0.0.0.0)
BGP client-to-client reflection:         Configured    Used
  all (inter-cluster and intra-cluster): ENABLED
  intra-cluster:                         ENABLED       ENABLED

List of cluster-ids:
Cluster-id     #-neighbors C2C-rfl-CFG C2C-rfl-USE
R1#
[2021-11-17 18:33:29,627] +++ R1: executing command 'show ip bgp all dampening parameters' +++
show ip bgp all dampening parameters
For address family: IPv4 Unicast

% dampening not enabled for base

For address family: IPv6 Unicast

% dampening not enabled for base

For address family: IPv4 Multicast

% dampening not enabled for base

For address family: L2VPN E-VPN

% dampening not enabled for base

For address family: MVPNv4 Unicast

% dampening not enabled for base

For address family: MVPNv6 Unicast

% dampening not enabled for base
R1#
[2021-11-17 18:33:29,862] +++ R1: executing command 'show bgp all neighbors' +++
show bgp all neighbors
For address family: IPv4 Unicast
BGP neighbor is 192.168.148.102,  remote AS 65002, external link
  BGP version 4, remote router ID 0.0.0.0
  BGP state = Idle, down for 00:00:14
  Neighbor sessions:
    0 active, is not multisession capable (disabled)
    Stateful switchover support enabled: NO
  Do log neighbor state changes (via global configuration)
  Default minimum time between advertisement runs is 30 seconds

  Address tracking is enabled, the RIB does have a route to 192.168.148.102
  Route to peer address reachability Up: 4; Down: 2
    Last notification 00:00:14
  Connections established 2; dropped 2
  Last reset 00:00:14, due to Interface flap of session 1
  External BGP neighbor not directly connected.
  External BGP neighbor configured for connected checks (single-hop no-disable-connected-check)
  Interface associated: GigabitEthernet2 (peering address NOT in same link)
  Transport(tcp) path-mtu-discovery is enabled
  Graceful-Restart is disabled
  SSO is disabled
  No active TCP connection

BGP neighbor is 192.168.157.102,  remote AS 65002, external link
  BGP version 4, remote router ID 11.2.2.2
  BGP state = Established, up for 00:31:50
  Last read 00:00:48, last write 00:00:14, hold time is 180, keepalive interval is 60 seconds
  Neighbor sessions:
    1 active, is not multisession capable (disabled)
  Neighbor capabilities:
    Route refresh: advertised and received(new)
    Four-octets ASN Capability: advertised and received
    Address family IPv4 Unicast: advertised and received
    Enhanced Refresh Capability: advertised and received
    Multisession Capability: 
    Stateful switchover support enabled: NO for session 1
  Message statistics:
    InQ depth is 0
    OutQ depth is 0
    
                         Sent       Rcvd
    Opens:                  1          1
    Notifications:          0          0
    Updates:                7          7
    Keepalives:            33         33
    Route Refresh:          0          0
    Total:                 43         43
  Do log neighbor state changes (via global configuration)
  Default minimum time between advertisement runs is 30 seconds

  Address tracking is enabled, the RIB does have a route to 192.168.157.102
  Route to peer address reachability Up: 1; Down: 0
    Last notification 00:32:22
  Connections established 1; dropped 0
  Last reset never
  External BGP neighbor configured for connected checks (single-hop no-disable-connected-check)
  Interface associated: GigabitEthernet3 (peering address in same link)
  Transport(tcp) path-mtu-discovery is enabled
  Graceful-Restart is disabled
  SSO is disabled
Connection state is ESTAB, I/O status: 1, unread input bytes: 0            
Connection is ECN Disabled, Mininum incoming TTL 0, Outgoing TTL 1
Local host: 192.168.157.101, Local port: 179
Foreign host: 192.168.157.102, Foreign port: 39998
Connection tableid (VRF): 0
Maximum output segment queue size: 50

Enqueued packets for retransmit: 0, input: 0  mis-ordered: 0 (0 bytes)

Event Timers (current time is 0x37DD13):
Timer          Starts    Wakeups            Next
Retrans            44          6             0x0
TimeWait            0          0             0x0
AckHold            38         35             0x0
SendWnd             0          0             0x0
KeepAlive           0          0             0x0
GiveUp              0          0             0x0
PmtuAger            0          0             0x0
DeadWait            0          0             0x0
Linger              0          0             0x0
ProcessQ            0          0             0x0

iss: 2963154704  snduna: 2963155746  sndnxt: 2963155746
irs: 1272670934  rcvnxt: 1272672000

sndwnd:  15343  scale:      0  maxrcvwnd:  16384
rcvwnd:  15319  scale:      0  delrcvwnd:   1065

SRTT: 993 ms, RTTO: 1052 ms, RTV: 59 ms, KRTT: 0 ms
minRTT: 1 ms, maxRTT: 1000 ms, ACK hold: 200 ms
uptime: 1910109 ms, Sent idletime: 14559 ms, Receive idletime: 14357 ms 
Status Flags: passive open, gen tcbs
Option Flags: nagle, path mtu capable
IP Precedence value : 6

Datagrams (max data segment is 1460 bytes):
Rcvd: 79 (out of order: 0), with data: 39, total data bytes: 1065
Sent: 77 (retransmit: 6, fastretransmit: 0, partialack: 0, Second Congestion: 0), with data: 39, total data bytes: 1041

 Packets received in fast path: 0, fast processed: 0, slow path: 0
 fast lock acquisition failures: 0, slow path: 0
TCP Semaphore      0x7F421F334B50  FREE 


For address family: IPv6 Unicast

For address family: IPv4 Multicast

For address family: L2VPN E-VPN

For address family: MVPNv4 Unicast

For address family: MVPNv6 Unicast

For address family: IPv4 Label-Unicast
BGP neighbor is 192.168.148.102,  remote AS 65002, external link
  BGP version 4, remote router ID 0.0.0.0
  BGP state = Idle, down for 00:00:14
  Neighbor sessions:
    0 active, is not multisession capable (disabled)
    Stateful switchover support enabled: NO
  Do log neighbor state changes (via global configuration)
  Default minimum time between advertisement runs is 30 seconds

  Address tracking is enabled, the RIB does have a route to 192.168.148.102
  Route to peer address reachability Up: 4; Down: 2
    Last notification 00:00:14
  Connections established 2; dropped 2
  Last reset 00:00:14, due to Interface flap of session 1
  External BGP neighbor not directly connected.
  External BGP neighbor configured for connected checks (single-hop no-disable-connected-check)
  Interface associated: GigabitEthernet2 (peering address NOT in same link)
  Transport(tcp) path-mtu-discovery is enabled
  Graceful-Restart is disabled
  SSO is disabled
  No active TCP connection

BGP neighbor is 192.168.157.102,  remote AS 65002, external link
  BGP version 4, remote router ID 11.2.2.2
  BGP state = Established, up for 00:31:50
  Last read 00:00:48, last write 00:00:14, hold time is 180, keepalive interval is 60 seconds
  Neighbor sessions:
    1 active, is not multisession capable (disabled)
  Neighbor capabilities:
    Route refresh: advertised and received(new)
    Four-octets ASN Capability: advertised and received
    Address family IPv4 Unicast: advertised and received
    Enhanced Refresh Capability: advertised and received
    Multisession Capability: 
    Stateful switchover support enabled: NO for session 1
  Message statistics:
    InQ depth is 0
    OutQ depth is 0
    
                         Sent       Rcvd
    Opens:                  1          1
    Notifications:          0          0
    Updates:                7          7
    Keepalives:            33         33
    Route Refresh:          0          0
    Total:                 43         43
  Do log neighbor state changes (via global configuration)
  Default minimum time between advertisement runs is 30 seconds

  Address tracking is enabled, the RIB does have a route to 192.168.157.102
  Route to peer address reachability Up: 1; Down: 0
    Last notification 00:32:22
  Connections established 1; dropped 0
  Last reset never
  External BGP neighbor configured for connected checks (single-hop no-disable-connected-check)
  Interface associated: GigabitEthernet3 (peering address in same link)
  Transport(tcp) path-mtu-discovery is enabled
  Graceful-Restart is disabled
  SSO is disabled
Connection state is ESTAB, I/O status: 1, unread input bytes: 0            
Connection is ECN Disabled, Mininum incoming TTL 0, Outgoing TTL 1
Local host: 192.168.157.101, Local port: 179
Foreign host: 192.168.157.102, Foreign port: 39998
Connection tableid (VRF): 0
Maximum output segment queue size: 50

Enqueued packets for retransmit: 0, input: 0  mis-ordered: 0 (0 bytes)

Event Timers (current time is 0x37DD16):
Timer          Starts    Wakeups            Next
Retrans            44          6             0x0
TimeWait            0          0             0x0
AckHold            38         35             0x0
SendWnd             0          0             0x0
KeepAlive           0          0             0x0
GiveUp              0          0             0x0
PmtuAger            0          0             0x0
DeadWait            0          0             0x0
Linger              0          0             0x0
ProcessQ            0          0             0x0

iss: 2963154704  snduna: 2963155746  sndnxt: 2963155746
irs: 1272670934  rcvnxt: 1272672000

sndwnd:  15343  scale:      0  maxrcvwnd:  16384
rcvwnd:  15319  scale:      0  delrcvwnd:   1065

SRTT: 993 ms, RTTO: 1052 ms, RTV: 59 ms, KRTT: 0 ms
minRTT: 1 ms, maxRTT: 1000 ms, ACK hold: 200 ms
uptime: 1910112 ms, Sent idletime: 14562 ms, Receive idletime: 14360 ms 
Status Flags: passive open, gen tcbs
Option Flags: nagle, path mtu capable
IP Precedence value : 6

Datagrams (max data segment is 1460 bytes):
Rcvd: 79 (out of order: 0), with data: 39, total data bytes: 1065
Sent: 77 (retransmit: 6, fastretransmit: 0, partialack: 0, Second Congestion: 0), with data: 39, total data bytes: 1041

 Packets received in fast path: 0, fast processed: 0, slow path: 0
 fast lock acquisition failures: 0, slow path: 0
TCP Semaphore      0x7F421F334B50  FREE 

R1#
[2021-11-17 18:33:30,209] +++ R1: executing command 'show bgp all neighbors 192.168.148.102 policy' +++
show bgp all neighbors 192.168.148.102 policy
 Neighbor: 192.168.148.102, Address-Family: IPv4 Unicast
 Neighbor: 192.168.148.102, Address-Family: IPv4 Label-Unicast
R1#
[2021-11-17 18:33:30,440] +++ R1: executing command 'show bgp all neighbors 192.168.157.102 policy' +++
show bgp all neighbors 192.168.157.102 policy
 Neighbor: 192.168.157.102, Address-Family: IPv4 Unicast
 Neighbor: 192.168.157.102, Address-Family: IPv4 Label-Unicast
R1#
[2021-11-17 18:33:30,697] +++ R1: executing command 'show bgp all' +++
show bgp all
For address family: IPv4 Unicast

BGP table version is 11, local router ID is 11.1.1.1
Status codes: s suppressed, d damped, h history, * valid, &gt; best, i - internal, 
              r RIB-failure, S Stale, m multipath, b backup-path, f RT-Filter, 
              x best-external, a additional-path, c RIB-compressed, 
              t secondary path, L long-lived-stale,
Origin codes: i - IGP, e - EGP, ? - incomplete
RPKI validation codes: V valid, I invalid, N Not found

     Network          Next Hop            Metric LocPrf Weight Path
 *&gt;   11.1.1.0/24      0.0.0.0                  0         32768 i
 *&gt;   11.2.2.0/24      192.168.157.102          0             0 65002 i
 *&gt;   12.1.1.0/24      0.0.0.0                  0         32768 i
 *&gt;   12.2.2.0/24      192.168.157.102          0             0 65002 i

For address family: IPv6 Unicast


For address family: IPv4 Multicast


For address family: L2VPN E-VPN


For address family: MVPNv4 Unicast


For address family: MVPNv6 Unicast

R1#
[2021-11-17 18:33:30,887] +++ R1: executing command 'show bgp all detail' +++
show bgp all detail
For address family: IPv4 Unicast

BGP routing table entry for 11.1.1.0/24, version 2
  Paths: (1 available, best #1, table default)
  Advertised to update-groups:
     1         
  Refresh Epoch 1
  Local
    0.0.0.0 from 0.0.0.0 (11.1.1.1)
      Origin IGP, metric 0, localpref 100, weight 32768, valid, sourced, local, best
      rx pathid: 0, tx pathid: 0x0
      Updated on Nov 17 2021 17:41:10 UTC
BGP routing table entry for 11.2.2.0/24, version 10
  Paths: (1 available, best #1, table default)
  Not advertised to any peer
  Refresh Epoch 2
  65002
    192.168.157.102 from 192.168.157.102 (11.2.2.2)
      Origin IGP, metric 0, localpref 100, valid, external, best
      rx pathid: 0, tx pathid: 0x0
      Updated on Nov 17 2021 17:48:42 UTC
BGP routing table entry for 12.1.1.0/24, version 3
  Paths: (1 available, best #1, table default)
  Advertised to update-groups:
     1         
  Refresh Epoch 1
  Local
    0.0.0.0 from 0.0.0.0 (11.1.1.1)
      Origin IGP, metric 0, localpref 100, weight 32768, valid, sourced, local, best
      rx pathid: 0, tx pathid: 0x0
      Updated on Nov 17 2021 17:41:10 UTC
BGP routing table entry for 12.2.2.0/24, version 11
  Paths: (1 available, best #1, table default)
  Not advertised to any peer
  Refresh Epoch 2
  65002
    192.168.157.102 from 192.168.157.102 (11.2.2.2)
      Origin IGP, metric 0, localpref 100, valid, external, best
      rx pathid: 0, tx pathid: 0x0
      Updated on Nov 17 2021 17:48:42 UTC

For address family: IPv6 Unicast


For address family: IPv4 Multicast


For address family: L2VPN E-VPN


For address family: MVPNv4 Unicast


For address family: MVPNv6 Unicast

R1#
[2021-11-17 18:33:31,224] +++ R1: executing command 'show bgp all neighbors 192.168.148.102 advertised-routes' +++
show bgp all neighbors 192.168.148.102 advertised-routes
For address family: IPv4 Unicast

Total number of prefixes 0 

For address family: IPv4 Label-Unicast

Total number of prefixes 0 
R1#
[2021-11-17 18:33:31,492] +++ R1: executing command 'show bgp all neighbors | i BGP neighbor' +++
show bgp all neighbors | i BGP neighbor
BGP neighbor is 192.168.148.102,  remote AS 65002, external link
  External BGP neighbor not directly connected.
  External BGP neighbor configured for connected checks (single-hop no-disable-connected-check)
BGP neighbor is 192.168.157.102,  remote AS 65002, external link
  External BGP neighbor configured for connected checks (single-hop no-disable-connected-check)
BGP neighbor is 192.168.148.102,  remote AS 65002, external link
  External BGP neighbor not directly connected.
  External BGP neighbor configured for connected checks (single-hop no-disable-connected-check)
BGP neighbor is 192.168.157.102,  remote AS 65002, external link
  External BGP neighbor configured for connected checks (single-hop no-disable-connected-check)
R1#
[2021-11-17 18:33:31,720] +++ R1: executing command 'show bgp all neighbors 192.168.157.102 advertised-routes' +++
show bgp all neighbors 192.168.157.102 advertised-routes
For address family: IPv4 Unicast
BGP table version is 11, local router ID is 11.1.1.1
Status codes: s suppressed, d damped, h history, * valid, &gt; best, i - internal, 
              r RIB-failure, S Stale, m multipath, b backup-path, f RT-Filter, 
              x best-external, a additional-path, c RIB-compressed, 
              t secondary path, L long-lived-stale,
Origin codes: i - IGP, e - EGP, ? - incomplete
RPKI validation codes: V valid, I invalid, N Not found

     Network          Next Hop            Metric LocPrf Weight Path
 *&gt;   11.1.1.0/24      0.0.0.0                  0         32768 i
 *&gt;   12.1.1.0/24      0.0.0.0                  0         32768 i

Total number of prefixes 2 

For address family: IPv4 Label-Unicast
BGP table version is 11, local router ID is 11.1.1.1
Status codes: s suppressed, d damped, h history, * valid, &gt; best, i - internal, 
              r RIB-failure, S Stale, m multipath, b backup-path, f RT-Filter, 
              x best-external, a additional-path, c RIB-compressed, 
              t secondary path, L long-lived-stale,
Origin codes: i - IGP, e - EGP, ? - incomplete
RPKI validation codes: V valid, I invalid, N Not found

     Network          Next Hop            Metric LocPrf Weight Path
 *&gt;   11.1.1.0/24      0.0.0.0                  0         32768 i
 *&gt;   12.1.1.0/24      0.0.0.0                  0         32768 i

Total number of prefixes 2 
R1#
[2021-11-17 18:33:31,968] +++ R1: executing command 'show bgp all neighbors | i BGP neighbor' +++
show bgp all neighbors | i BGP neighbor
BGP neighbor is 192.168.148.102,  remote AS 65002, external link
  External BGP neighbor not directly connected.
  External BGP neighbor configured for connected checks (single-hop no-disable-connected-check)
BGP neighbor is 192.168.157.102,  remote AS 65002, external link
  External BGP neighbor configured for connected checks (single-hop no-disable-connected-check)
BGP neighbor is 192.168.148.102,  remote AS 65002, external link
  External BGP neighbor not directly connected.
  External BGP neighbor configured for connected checks (single-hop no-disable-connected-check)
BGP neighbor is 192.168.157.102,  remote AS 65002, external link
  External BGP neighbor configured for connected checks (single-hop no-disable-connected-check)
R1#
[2021-11-17 18:33:32,207] +++ R1: executing command 'show bgp all neighbors 192.168.148.102 routes' +++
show bgp all neighbors 192.168.148.102 routes
For address family: IPv4 Unicast

Total number of prefixes 0 

For address family: IPv4 Label-Unicast

Total number of prefixes 0 
R1#
[2021-11-17 18:33:32,433] +++ R1: executing command 'show bgp all neighbors | i BGP neighbor' +++
show bgp all neighbors | i BGP neighbor
BGP neighbor is 192.168.148.102,  remote AS 65002, external link
  External BGP neighbor not directly connected.
  External BGP neighbor configured for connected checks (single-hop no-disable-connected-check)
BGP neighbor is 192.168.157.102,  remote AS 65002, external link
  External BGP neighbor configured for connected checks (single-hop no-disable-connected-check)
BGP neighbor is 192.168.148.102,  remote AS 65002, external link
  External BGP neighbor not directly connected.
  External BGP neighbor configured for connected checks (single-hop no-disable-connected-check)
BGP neighbor is 192.168.157.102,  remote AS 65002, external link
  External BGP neighbor configured for connected checks (single-hop no-disable-connected-check)
R1#
[2021-11-17 18:33:32,689] +++ R1: executing command 'show bgp all neighbors 192.168.157.102 routes' +++
show bgp all neighbors 192.168.157.102 routes
For address family: IPv4 Unicast
BGP table version is 11, local router ID is 11.1.1.1
Status codes: s suppressed, d damped, h history, * valid, &gt; best, i - internal, 
              r RIB-failure, S Stale, m multipath, b backup-path, f RT-Filter, 
              x best-external, a additional-path, c RIB-compressed, 
              t secondary path, L long-lived-stale,
Origin codes: i - IGP, e - EGP, ? - incomplete
RPKI validation codes: V valid, I invalid, N Not found

     Network          Next Hop            Metric LocPrf Weight Path
 *&gt;   11.2.2.0/24      192.168.157.102          0             0 65002 i
 *&gt;   12.2.2.0/24      192.168.157.102          0             0 65002 i

Total number of prefixes 2 

For address family: IPv4 Label-Unicast
BGP table version is 11, local router ID is 11.1.1.1
Status codes: s suppressed, d damped, h history, * valid, &gt; best, i - internal, 
              r RIB-failure, S Stale, m multipath, b backup-path, f RT-Filter, 
              x best-external, a additional-path, c RIB-compressed, 
              t secondary path, L long-lived-stale,
Origin codes: i - IGP, e - EGP, ? - incomplete
RPKI validation codes: V valid, I invalid, N Not found

     Network          Next Hop            Metric LocPrf Weight Path
 *&gt;   11.2.2.0/24      192.168.157.102          0             0 65002 i
 *&gt;   12.2.2.0/24      192.168.157.102          0             0 65002 i

Total number of prefixes 2 
R1#
[2021-11-17 18:33:32,919] +++ R1: executing command 'show bgp all neighbors | i BGP neighbor' +++
show bgp all neighbors | i BGP neighbor
BGP neighbor is 192.168.148.102,  remote AS 65002, external link
  External BGP neighbor not directly connected.
  External BGP neighbor configured for connected checks (single-hop no-disable-connected-check)
BGP neighbor is 192.168.157.102,  remote AS 65002, external link
  External BGP neighbor configured for connected checks (single-hop no-disable-connected-check)
BGP neighbor is 192.168.148.102,  remote AS 65002, external link
  External BGP neighbor not directly connected.
  External BGP neighbor configured for connected checks (single-hop no-disable-connected-check)
BGP neighbor is 192.168.157.102,  remote AS 65002, external link
  External BGP neighbor configured for connected checks (single-hop no-disable-connected-check)
R1#
[2021-11-17 18:33:33,175] +++ R1: executing command 'show bgp all neighbors 192.168.148.102 received-routes' +++
show bgp all neighbors 192.168.148.102 received-routes
For address family: IPv4 Unicast
% Inbound soft reconfiguration not enabled on 192.168.148.102

For address family: IPv4 Label-Unicast
% Inbound soft reconfiguration not enabled on 192.168.148.102
R1#
[2021-11-17 18:33:33,433] +++ R1: executing command 'show bgp all neighbors | i BGP neighbor' +++
show bgp all neighbors | i BGP neighbor
BGP neighbor is 192.168.148.102,  remote AS 65002, external link
  External BGP neighbor not directly connected.
  External BGP neighbor configured for connected checks (single-hop no-disable-connected-check)
BGP neighbor is 192.168.157.102,  remote AS 65002, external link
  External BGP neighbor configured for connected checks (single-hop no-disable-connected-check)
BGP neighbor is 192.168.148.102,  remote AS 65002, external link
  External BGP neighbor not directly connected.
  External BGP neighbor configured for connected checks (single-hop no-disable-connected-check)
BGP neighbor is 192.168.157.102,  remote AS 65002, external link
  External BGP neighbor configured for connected checks (single-hop no-disable-connected-check)
R1#
[2021-11-17 18:33:33,650] +++ R1: executing command 'show bgp all neighbors 192.168.157.102 received-routes' +++
show bgp all neighbors 192.168.157.102 received-routes
For address family: IPv4 Unicast
% Inbound soft reconfiguration not enabled on 192.168.157.102

For address family: IPv4 Label-Unicast
% Inbound soft reconfiguration not enabled on 192.168.157.102
R1#
[2021-11-17 18:33:33,870] +++ R1: executing command 'show bgp all neighbors | i BGP neighbor' +++
show bgp all neighbors | i BGP neighbor
BGP neighbor is 192.168.148.102,  remote AS 65002, external link
  External BGP neighbor not directly connected.
  External BGP neighbor configured for connected checks (single-hop no-disable-connected-check)
BGP neighbor is 192.168.157.102,  remote AS 65002, external link
  External BGP neighbor configured for connected checks (single-hop no-disable-connected-check)
BGP neighbor is 192.168.148.102,  remote AS 65002, external link
  External BGP neighbor not directly connected.
  External BGP neighbor configured for connected checks (single-hop no-disable-connected-check)
BGP neighbor is 192.168.157.102,  remote AS 65002, external link
  External BGP neighbor configured for connected checks (single-hop no-disable-connected-check)
R1#
[2021-11-17 18:33:34,088] +++ R1: executing command 'show running-config' +++
show running-config
Building configuration...

Current configuration : 7811 bytes
!
! Last configuration change at 18:16:04 UTC Wed Nov 17 2021 by cisco
!
version 16.12
service timestamps debug datetime msec
service timestamps log datetime msec
! Call-home is enabled by Smart-Licensing.
service call-home
platform qfp utilization monitor load 80
no platform punt-keepalive disable-kernel-core
platform console virtual
!
hostname R1
!
boot-start-marker
boot-end-marker
!
!
no logging console
enable secret 9 $14$oNwE$nm5a4Dy8V.6YmE$TQmkBAZDuAC5J56B1T7J.wMaCgeoL63.2tpklYBgYvI
!
no aaa new-model
call-home
 ! If contact email address in call-home is configured as sch-smart-licensing@cisco.com
 ! the email address configured in Cisco Smart License Portal will be used as contact email address to send SCH notifications.
[...]
  Inbound Common access list is not set 
  Inbound  access list is not set
  Proxy ARP is enabled
  Local Proxy ARP is disabled
  Security level is default
  Split horizon is enabled
  ICMP redirects are always sent
  ICMP unreachables are always sent
  ICMP mask replies are never sent
  IP fast switching is enabled
  IP Flow switching is disabled
  IP CEF switching is enabled
  IP CEF switching turbo vector
  IP Null turbo vector
  Associated unicast routing topologies:
        Topology "base", operation state is UP
  IP multicast fast switching is enabled
  IP multicast distributed fast switching is disabled
  IP route-cache flags are Fast, CEF
  Router Discovery is disabled
  IP output packet accounting is disabled
  IP access violation accounting is disabled
  TCP/IP header compression is disabled
  RTP/IP header compression is disabled
  Probe proxy name replies are disabled
  Policy routing is disabled
  Network address translation is disabled
  BGP Policy Mapping is disabled
  Input features: MCI Check
  IPv4 WCCP Redirect outbound is disabled
  IPv4 WCCP Redirect inbound is disabled
  IPv4 WCCP Redirect exclude is disabled
GigabitEthernet2 is up, line protocol is up
  Internet address is 192.168.148.102/24
  Broadcast address is 255.255.255.255
  Address determined by setup command
  MTU is 1500 bytes
  Helper address is not set
  Directed broadcast forwarding is disabled
  Multicast reserved groups joined: 224.0.0.5 224.0.0.6
  Outgoing Common access list is not set 
  Outgoing access list is not set
  Inbound Common access list is not set 
  Inbound  access list is not set
  Proxy ARP is enabled
  Local Proxy ARP is disabled
  Security level is default
  Split horizon is enabled
  ICMP redirects are always sent
  ICMP unreachables are always sent
  ICMP mask replies are never sent
  IP fast switching is enabled
  IP Flow switching is disabled
  IP CEF switching is enabled
  IP CEF switching turbo vector
  IP Null turbo vector
  Associated unicast routing topologies:
        Topology "base", operation state is UP
  IP multicast fast switching is enabled
  IP multicast distributed fast switching is disabled
  IP route-cache flags are Fast, CEF
  Router Discovery is disabled
  IP output packet accounting is disabled
  IP access violation accounting is disabled
  TCP/IP header compression is disabled
  RTP/IP header compression is disabled
  Probe proxy name replies are disabled
  Policy routing is disabled
  Network address translation is disabled
  BGP Policy Mapping is disabled
  Input features: MCI Check
  IPv4 WCCP Redirect outbound is disabled
  IPv4 WCCP Redirect inbound is disabled
  IPv4 WCCP Redirect exclude is disabled
GigabitEthernet3 is up, line protocol is up
  Internet address is 192.168.157.102/24
  Broadcast address is 255.255.255.255
  Address determined by setup command
  MTU is 1500 bytes
  Helper address is not set
  Directed broadcast forwarding is disabled
  Multicast reserved groups joined: 224.0.0.5 224.0.0.6
  Outgoing Common access list is not set 
  Outgoing access list is not set
  Inbound Common access list is not set 
  Inbound  access list is not set
  Proxy ARP is enabled
  Local Proxy ARP is disabled
  Security level is default
  Split horizon is enabled
  ICMP redirects are always sent
  ICMP unreachables are always sent
  ICMP mask replies are never sent
  IP fast switching is enabled
  IP Flow switching is disabled
  IP CEF switching is enabled
  IP CEF switching turbo vector
  IP Null turbo vector
  Associated unicast routing topologies:
        Topology "base", operation state is UP
  IP multicast fast switching is enabled
  IP multicast distributed fast switching is disabled
  IP route-cache flags are Fast, CEF
  Router Discovery is disabled
  IP output packet accounting is disabled
  IP access violation accounting is disabled
  TCP/IP header compression is disabled
  RTP/IP header compression is disabled
  Probe proxy name replies are disabled
  Policy routing is disabled
  Network address translation is disabled
  BGP Policy Mapping is disabled
  Input features: MCI Check
  IPv4 WCCP Redirect outbound is disabled
  IPv4 WCCP Redirect inbound is disabled
  IPv4 WCCP Redirect exclude is disabled
Loopback0 is up, line protocol is up
  Internet address is 2.2.2.2/32
  Broadcast address is 255.255.255.255
  Address determined by setup command
  MTU is 1514 bytes
  Helper address is not set
  Directed broadcast forwarding is disabled
  Multicast reserved groups joined: 224.0.0.5
  Outgoing Common access list is not set 
  Outgoing access list is not set
  Inbound Common access list is not set 
  Inbound  access list is not set
  Proxy ARP is enabled
  Local Proxy ARP is disabled
  Security level is default
  Split horizon is enabled
  ICMP redirects are always sent
  ICMP unreachables are always sent
  ICMP mask replies are never sent
  IP fast switching is enabled
  IP Flow switching is disabled
  IP CEF switching is enabled
  IP CEF switching turbo vector
  IP Null turbo vector
  Associated unicast routing topologies:
        Topology "base", operation state is UP
  IP multicast fast switching is enabled
  IP multicast distributed fast switching is disabled
  IP route-cache flags are Fast, CEF
  Router Discovery is disabled
  IP output packet accounting is disabled
  IP access violation accounting is disabled
  TCP/IP header compression is disabled
  RTP/IP header compression is disabled
  Probe proxy name replies are disabled
  Policy routing is disabled
  Network address translation is disabled
  BGP Policy Mapping is disabled
  Input features: MCI Check
  IPv4 WCCP Redirect outbound is disabled
  IPv4 WCCP Redirect inbound is disabled
  IPv4 WCCP Redirect exclude is disabled
Loopback1 is up, line protocol is up
  Internet address is 11.2.2.2/24
  Broadcast address is 255.255.255.255
  Address determined by setup command
  MTU is 1514 bytes
  Helper address is not set
  Directed broadcast forwarding is disabled
  Multicast reserved groups joined: 224.0.0.5
  Outgoing Common access list is not set 
  Outgoing access list is not set
  Inbound Common access list is not set 
  Inbound  access list is not set
  Proxy ARP is enabled
  Local Proxy ARP is disabled
  Security level is default
  Split horizon is enabled
  ICMP redirects are always sent
  ICMP unreachables are always sent
  ICMP mask replies are never sent
  IP fast switching is enabled
  IP Flow switching is disabled
  IP CEF switching is enabled
  IP CEF switching turbo vector
  IP Null turbo vector
  Associated unicast routing topologies:
        Topology "base", operation state is UP
  IP multicast fast switching is enabled
  IP multicast distributed fast switching is disabled
  IP route-cache flags are Fast, CEF
  Router Discovery is disabled
  IP output packet accounting is disabled
  IP access violation accounting is disabled
  TCP/IP header compression is disabled
  RTP/IP header compression is disabled
  Probe proxy name replies are disabled
  Policy routing is disabled
  Network address translation is disabled
  BGP Policy Mapping is disabled
  Input features: MCI Check
  IPv4 WCCP Redirect outbound is disabled
  IPv4 WCCP Redirect inbound is disabled
  IPv4 WCCP Redirect exclude is disabled
Loopback2 is up, line protocol is up
  Internet address is 12.2.2.2/24
  Broadcast address is 255.255.255.255
  Address determined by setup command
  MTU is 1514 bytes
  Helper address is not set
  Directed broadcast forwarding is disabled
  Multicast reserved groups joined: 224.0.0.5
  Outgoing Common access list is not set 
  Outgoing access list is not set
  Inbound Common access list is not set 
  Inbound  access list is not set
  Proxy ARP is enabled
  Local Proxy ARP is disabled
  Security level is default
  Split horizon is enabled
  ICMP redirects are always sent
  ICMP unreachables are always sent
  ICMP mask replies are never sent
  IP fast switching is enabled
  IP Flow switching is disabled
  IP CEF switching is enabled
  IP CEF switching turbo vector
  IP Null turbo vector
  Associated unicast routing topologies:
        Topology "base", operation state is UP
  IP multicast fast switching is enabled
  IP multicast distributed fast switching is disabled
  IP route-cache flags are Fast, CEF
  Router Discovery is disabled
  IP output packet accounting is disabled
  IP access violation accounting is disabled
  TCP/IP header compression is disabled
  RTP/IP header compression is disabled
  Probe proxy name replies are disabled
  Policy routing is disabled
  Network address translation is disabled
  BGP Policy Mapping is disabled
  Input features: MCI Check
  IPv4 WCCP Redirect outbound is disabled
  IPv4 WCCP Redirect inbound is disabled
  IPv4 WCCP Redirect exclude is disabled
R2#
[2021-11-17 18:34:21,922] +++ R2: executing command 'show ip arp summary' +++
show ip arp summary
7 IP ARP entries, with 0 of them incomplete
R2#
[2021-11-17 18:34:22,145] +++ R2: executing command 'show ip traffic' +++
show ip traffic
IP statistics:
  Rcvd:  8992 total, 8669 local destination
         0 format errors, 0 checksum errors, 2 bad hop count
         131 unknown protocol, 0 not a gateway
         0 security failures, 0 bad options, 131 with options
  Opts:  0 end, 0 nop, 0 basic security, 0 loose source route
         0 timestamp, 0 extended security, 0 record route
         0 stream ID, 0 strict source route, 131 alert, 0 cipso, 0 ump
         0 other, 0 ignored
  Frags: 0 reassembled, 0 timeouts, 0 couldn't reassemble
         0 fragmented, 0 fragments, 0 couldn't fragment
         0 invalid hole
  Bcast: 466 received, 146 sent
  Mcast: 1248 received, 442 sent
  Sent:  13836 generated, 0 forwarded
  Drop:  0 encapsulation failed, 0 unresolved, 0 no adjacency
         198 no route, 0 unicast RPF, 0 forced drop, 0 unsupported-addr
         0 options denied, 0 source IP address zero

ICMP statistics:
  Rcvd: 0 format errors, 0 checksum errors, 0 redirects, 0 unreachable
        0 echo, 0 echo reply, 0 mask requests, 0 mask replies, 0 quench
        0 parameter, 0 timestamp, 0 timestamp replies, 0 info request, 0 other
        0 irdp solicitations, 0 irdp advertisements
        0 time exceeded, 0 info replies
  Sent: 0 redirects, 45 unreachable, 0 echo, 0 echo reply
        0 mask requests, 0 mask replies, 0 quench, 0 timestamp, 0 timestamp replies
        0 info reply, 2 time exceeded, 0 parameter problem
        0 irdp solicitations, 0 irdp advertisements

UDP statistics:
  Rcvd: 1098 total, 0 checksum errors, 1083 no port 0 finput
  Sent: 159 total, 0 forwarded broadcasts

PIMv2 statistics: Sent/Received
  Total: 0/0, 0 checksum errors, 0 format errors
  Registers: 0/0 (0 non-rp, 0 non-sm-group), Register Stops: 0/0,  Hellos: 0/0
  Join/Prunes: 0/0, Asserts: 0/0, grafts: 0/0
  Bootstraps: 0/0, Candidate_RP_Advertisements: 0/0
  Queue drops: 0
  State-Refresh: 0/0

IGMP statistics: Sent/Received
  Total: 0/0, Format errors: 0/0, Checksum errors: 0/0
  Host Queries: 0/0, Host Reports: 0/0, Host Leaves: 0/0 
  DVMRP: 0/0, PIM: 0/0
  Queue drops: 0
  Report VRF mismatch drops: 0

OSPF statistics:
  Last clearing of OSPF traffic counters never
  Rcvd: 380 total, 0 checksum errors
  	319 hello, 27 database desc, 1 link state req
  	18 link state updates, 15 link state acks
  Sent: 466 total
  	414 hello, 10 database desc, 3 link state req
  	22 link state updates, 17 link state acks

TCP statistics:
  Rcvd: 7060 total, 0 checksum errors, 2 no port
  Sent: 13211 total

BGP statistics:
  Rcvd: 73 total, 3 opens, 0 notifications, 14 updates
        56 keepalives, 0 route-refresh, 0 unrecognized
  Sent: 64 total, 3 opens, 1 notifications, 0 updates
        60 keepalives, 0 route-refresh

Probe statistics:
  Rcvd: 0 address requests, 0 address replies
        0 proxy name requests, 0 where-is requests, 0 other
  Sent: 0 address requests, 0 address replies (0 proxy)
        0 proxy name replies, 0 where-is replies

EIGRP-IPv4 statistics:
  Rcvd: 0 total
  Sent: 0 total

ARP statistics:
  Rcvd: 14 requests, 10 replies, 0 reverse, 0 other
  Sent: 5 requests, 12 replies (0 proxy), 0 reverse
  Drop due to input queue full: 0
R2#</msg>
<status status="PASS" starttime="20211117 18:33:26.624" endtime="20211117 18:34:22.928"></status>
</kw>
<status status="PASS" starttime="20211117 18:33:26.620" endtime="20211117 18:34:22.931" critical="yes"></status>
</test>
<test id="s1-t3" name="Compare snapshots">
<kw name="Compare profile &quot;./good_snapshot&quot; with &quot;./new_snapshot&quot; on devices &quot;R1;R2&quot;" library="genie.libs.robot.GenieRobot">
<doc>Compare system profiles taken as snapshots during the run</doc>
<msg timestamp="20211117 18:34:23.013" level="FAIL">
**********
Comparison between ./good_snapshot and ./new_snapshot is different for feature 'bgp' for device:

'R1'
 info:
  instance:
   default:
    vrf:
     default:
      neighbor:
       192.168.148.102:
        address_family:
         ipv4 unicast:
          path:
-          total_entries: 6
+          total_entries: 4
-         total_memory: 2408
+         total_memory: 2136
       192.168.148.102:
        bgp_session_transport:
         connection:
-         state: Established
+         state: Idle
-       bgp_session_transport:
-        transport: 
-         foreign_host: 192.168.148.102
-         foreign_port: 179
-         local_host: 192.168.148.101
-         local_port: 48362
-         mss: 1460
       192.168.148.102:
-       session_state: Established
+       session_state: Idle
-      192.168.148.102:
-       bgp_negotiated_capabilities: 
-        enhanced_refresh: advertised and received
-        four_octets_asn: advertised and received
-        route_refresh: advertised and received(new)
-        stateful_switchover: NO for session 1
-      192.168.148.102:
-       bgp_neighbor_counters: 
-        messages: 
-         received: 
-          keepalives: 18
-          notifications: 0
-          opens: 1
-          updates: 4
-         sent: 
-          keepalives: 19
-          notifications: 0
-          opens: 1
-          updates: 4
      neighbor:
       192.168.157.102:
        address_family:
         ipv4 unicast:
          path:
-          total_entries: 6
+          total_entries: 4
-         total_memory: 2408
+         total_memory: 2136
 routes_per_peer:
  instance:
   default:
    vrf:
     default:
      neighbor:
       192.168.148.102:
        address_family:
-        ipv4 label-unicast: 
-         advertised: 
-          11.1.1.0/24: 
-           index: 
-            1: 
-             localprf: 0
-             next_hop: 0.0.0.0
-             origin_codes: i
-             status_codes: *&gt;
-             weight: 32768
-          11.2.2.0/24: 
-           index: 
-            1: 
-             metric: 0
-             next_hop: 192.168.148.102
-             origin_codes: i
-             path: 65002
-             status_codes: *&gt;
-             weight: 0
-          12.1.1.0/24: 
-           index: 
-            1: 
-             localprf: 0
-             next_hop: 0.0.0.0
-             origin_codes: i
-             status_codes: *&gt;
-             weight: 32768
-          12.2.2.0/24: 
-           index: 
-            1: 
-             metric: 0
-             next_hop: 192.168.148.102
-             origin_codes: i
-             path: 65002
-             status_codes: *&gt;
-             weight: 0
-         routes: 
-          11.2.2.0/24: 
-           index: 
-            1: 
-             metric: 0
-             next_hop: 192.168.148.102
-             origin_codes: i
-             path: 65002
-             status_codes: *&gt;
-             weight: 0
-          12.2.2.0/24: 
-           index: 
-            1: 
-             metric: 0
-             next_hop: 192.168.148.102
-             origin_codes: i
-             path: 65002
-             status_codes: *&gt;
-             weight: 0

**********
Comparison between ./good_snapshot and ./new_snapshot is different for feature 'config' for device:

'R1'
 interface GigabitEthernet2
+ shutdown 

**********
Comparison between ./good_snapshot and ./new_snapshot is different for feature 'interface' for device:

'R1'
 info:
  GigabitEthernet2:
-  enabled: True
+  enabled: False
-  oper_status: up
+  oper_status: down
-  accounting: 
-   arp: 
-    chars_in: 348
-    chars_out: 480
-    pkts_in: 7
-    pkts_out: 8
-   ip: 
-    chars_in: 60224
-    chars_out: 21277
-    pkts_in: 540
-    pkts_out: 212
-   ipv6: 
-    chars_in: 34639
-    chars_out: 0
-    pkts_in: 284
-    pkts_out: 0
-   other: 
-    chars_in: 348
-    chars_out: 480
-    pkts_in: 7
-    pkts_out: 8

**********
Comparison between ./good_snapshot and ./new_snapshot is different for feature 'ospf' for device:

'R1'
 info:
  vrf:
   default:
    address_family:
     ipv4:
      instance:
       1:
        areas:
         0.0.0.1:
          interfaces:
           GigabitEthernet2:
-           enable: True
+           enable: False
-           lls: True
-           neighbors: 
-            2.2.2.2: 
-             address: 192.168.148.102
-             bdr_ip_addr: 192.168.148.101
-             dead_timer: 00:00:38
-             dr_ip_addr: 192.168.148.102
-             neighbor_router_id: 2.2.2.2
-             state: full
-             statistics: 
-              nbr_event_count: 6
-              nbr_retrans_qlen: 0
-           passive: False
'R2'
 info:
  vrf:
   default:
    address_family:
     ipv4:
      instance:
       1:
        areas:
         0.0.0.1:
          interfaces:
           GigabitEthernet2:
-           neighbors: 
-            1.1.1.1: 
-             address: 192.168.148.101
-             bdr_ip_addr: 192.168.148.101
-             dead_timer: 00:00:34
-             dr_ip_addr: 192.168.148.102
-             neighbor_router_id: 1.1.1.1
-             state: full
-             statistics: 
-              nbr_event_count: 10
-              nbr_retrans_qlen: 0

**********
Comparison between ./good_snapshot and ./new_snapshot is different for feature 'arp' for device:

'R1'
 info:
  interfaces:
   GigabitEthernet2:
-   ipv4: 
-    neighbors: 
-     192.168.148.101: 
-      ip: 192.168.148.101
-      link_layer_address: 0800.27d8.9b99
-      origin: static
-     192.168.148.102: 
-      ip: 192.168.148.102
-      link_layer_address: 0800.2795.86b5
-      origin: dynamic
-  entries_total: 7
+  entries_total: 5</msg>
<status status="FAIL" starttime="20211117 18:34:22.947" endtime="20211117 18:34:23.013"></status>
</kw>
<status status="FAIL" starttime="20211117 18:34:22.943" endtime="20211117 18:34:23.014" critical="yes">
**********
Comparison between ./good_snapshot and ./new_snapshot is different for feature 'bgp' for device:

'R1'
 info:
  instance:
   default:
    vrf:
     default:
      neighbor:
       192.168.148.102:
        address_family:
         ipv4 unicast:
          path:
-          total_entries: 6
+          total_entries: 4
-         total_memory: 2408
+         total_memory: 2136
    [ Message content over the limit has been removed. ]
**********
Comparison between ./good_snapshot and ./new_snapshot is different for feature 'arp' for device:

'R1'
 info:
  interfaces:
   GigabitEthernet2:
-   ipv4: 
-    neighbors: 
-     192.168.148.101: 
-      ip: 192.168.148.101
-      link_layer_address: 0800.27d8.9b99
-      origin: static
-     192.168.148.102: 
-      ip: 192.168.148.102
-      link_layer_address: 0800.2795.86b5
-      origin: dynamic
-  entries_total: 7
+  entries_total: 5</status>
</test>
<status status="FAIL" starttime="20211117 18:33:21.853" endtime="20211117 18:34:23.017"></status>
</suite>
<statistics>
<total>
<stat pass="2" fail="1">Critical Tests</stat>
<stat pass="2" fail="1">All Tests</stat>
</total>
<tag>
</tag>
<suite>
<stat pass="2" fail="1" id="s1" name="Robot Compare Snapshot">Robot Compare Snapshot</stat>
</suite>
</statistics>
<errors>
<msg timestamp="20211117 18:33:24.052" level="WARN">Could not load the Datafile correctly</msg>
</errors>
</robot>
