<?xml version="1.0" encoding="UTF-8"?>
<robot generator="Robot 3.2.1 (Python 3.8.2 on linux)" generated="20211208 01:17:42.330" rpa="false">
<suite id="s1" name="Robot Show" source="/home/devasc/labs/devnet-src/sample-app/Network_Monitor/robot_show.robot">
<test id="s1-t1" name="Connect">
<kw name="use genie testbed &quot;${testbed}&quot;" library="genie.libs.robot.GenieRobot">
<doc>Create the genie testbed</doc>
<msg timestamp="20211208 01:17:43.135" level="INFO">+------------------------------------------------------------------------------+
|                            Genie datafiles used:                             |
+------------------------------------------------------------------------------+</msg>
<msg timestamp="20211208 01:17:43.136" level="INFO">Trigger datafile          | </msg>
<msg timestamp="20211208 01:17:43.136" level="INFO">Verification  datafile    | </msg>
<msg timestamp="20211208 01:17:43.136" level="INFO">Pts datafile              | /home/devasc/.local/lib/python3.8/site-packages/genie/libs/sdk/genie_yamls/pts_datafile.yaml</msg>
<msg timestamp="20211208 01:17:43.136" level="INFO">Subsection datafile       | /home/devasc/.local/lib/python3.8/site-packages/genie/libs/sdk/genie_yamls/subsection_datafile.yaml</msg>
<msg timestamp="20211208 01:17:43.136" level="INFO">Config datafile           | None</msg>
<msg timestamp="20211208 01:17:43.158" level="WARN">Could not load the Datafile correctly</msg>
<status status="PASS" starttime="20211208 01:17:43.107" endtime="20211208 01:17:43.158"></status>
</kw>
<kw name="connect to device &quot;CSR1&quot;" library="pyats.robot.pyATSRobot">
<doc>Connect to device connection as defined in testbed.yaml</doc>
<msg timestamp="20211208 01:17:43.159" level="INFO">Connecting to device 'Device CSR1, type iosxe'</msg>
<msg timestamp="20211208 01:17:43.160" level="INFO">kwargs: {}</msg>
<msg timestamp="20211208 01:17:43.989" level="INFO">[2021-12-08 01:17:43,162] +++ CSR1 logfile /tmp/CSR1-cli-20211208T011743161.log +++
[2021-12-08 01:17:43,162] +++ Unicon plugin iosxe +++
Password: 
[2021-12-08 01:17:43,333] +++ connection to spawn: ssh -l cisco 192.168.56.105, id: 140347539591568 +++
[2021-12-08 01:17:43,333] connection to CSR1


*                                           *
**                                         **
***                                       ***
***  Cisco Networking Academy             ***
***                                       ***
***  This software is provided for        ***
***   Educational Purposes                ***
***    Only in Networking Academies       ***
***                                       ***
**                                         **
*                                           *



CSR1#
[2021-12-08 01:17:43,421] +++ initializing handle +++
[2021-12-08 01:17:43,422] +++ CSR1: executing command 'term length 0' +++
term length 0
CSR1#
[2021-12-08 01:17:43,566] +++ CSR1: executing command 'term width 0' +++
term width 0
CSR1#
[2021-12-08 01:17:43,716] +++ CSR1: executing command 'show version' +++
show version
Cisco IOS XE Software, Version 16.12.03
Cisco IOS Software [Gibraltar], Virtual XE Software (X86_64_LINUX_IOSD-UNIVERSALK9-M), Version 16.12.3, RELEASE SOFTWARE (fc5)
Technical Support: http://www.cisco.com/techsupport
Copyright (c) 1986-2020 by Cisco Systems, Inc.
Compiled Mon 09-Mar-20 21:50 by mcpre


Cisco IOS-XE software, Copyright (c) 2005-2020 by cisco Systems, Inc.
All rights reserved.  Certain components of Cisco IOS-XE software are
licensed under the GNU General Public License ("GPL") Version 2.0.  The
software code licensed under GPL Version 2.0 is free software that comes
with ABSOLUTELY NO WARRANTY.  You can redistribute and/or modify such
GPL code under the terms of GPL Version 2.0.  For more details, see the
documentation or "License Notice" file accompanying the IOS-XE software,
or the applicable URL provided on the flyer accompanying the IOS-XE
software.


ROM: IOS-XE ROMMON

CSR1 uptime is 2 hours, 22 minutes
Uptime for this control processor is 2 hours, 24 minutes
System returned to ROM by reload
System image file is "bootflash:packages.conf"
Last reload reason: reload



This product contains cryptographic features and is subject to United
States and local country laws governing import, export, transfer and
use. Delivery of Cisco cryptographic products does not imply
third-party authority to import, export, distribute or use encryption.
Importers, exporters, distributors and users are responsible for
compliance with U.S. and local country laws. By using this product you
agree to comply with applicable laws and regulations. If you are unable
to comply with U.S. and local laws, return this product immediately.

A summary of U.S. laws governing Cisco cryptographic products may be found at:
http://www.cisco.com/wwl/export/crypto/tool/stqrg.html

If you require further assistance please contact us by sending email to
export@cisco.com.

License Level: ax
License Type: N/A(Smart License Enabled)
Next reload license Level: ax


Smart Licensing Status: UNREGISTERED/No Licenses in Use

cisco CSR1000V (VXE) processor (revision VXE) with 2080230K/3075K bytes of memory.
Processor board ID 90F9QEM1E0Y
3 Gigabit Ethernet interfaces
32768K bytes of non-volatile configuration memory.
3978400K bytes of physical memory.
6188032K bytes of virtual hard disk at bootflash:.
0K bytes of WebUI ODM Files at webui:.

Configuration register is 0x2102

CSR1#
[2021-12-08 01:17:43,862] +++ CSR1: config +++
config term
Enter configuration commands, one per line.  End with CNTL/Z.
CSR1(config)#no logging console
CSR1(config)#line console 0
CSR1(config-line)#exec-timeout 0
CSR1(config-line)#end
CSR1#</msg>
<status status="PASS" starttime="20211208 01:17:43.159" endtime="20211208 01:17:43.990"></status>
</kw>
<kw name="connect to device &quot;CSR2&quot;" library="pyats.robot.pyATSRobot">
<doc>Connect to device connection as defined in testbed.yaml</doc>
<msg timestamp="20211208 01:17:43.991" level="INFO">Connecting to device 'Device CSR2, type iosxe'</msg>
<msg timestamp="20211208 01:17:43.991" level="INFO">kwargs: {}</msg>
<msg timestamp="20211208 01:17:44.832" level="INFO">[2021-12-08 01:17:43,994] +++ CSR2 logfile /tmp/CSR2-cli-20211208T011743993.log +++
[2021-12-08 01:17:43,994] +++ Unicon plugin iosxe +++
Password: 
[2021-12-08 01:17:44,168] +++ connection to spawn: ssh -l cisco 192.168.56.107, id: 140347539591472 +++
[2021-12-08 01:17:44,168] connection to CSR2


*                                           *
**                                         **
***                                       ***
***  Cisco Networking Academy             ***
***                                       ***
***  This software is provided for        ***
***   Educational Purposes                ***
***    Only in Networking Academies       ***
***                                       ***
**                                         **
*                                           *



CSR2#
[2021-12-08 01:17:44,247] +++ initializing handle +++
[2021-12-08 01:17:44,247] +++ CSR2: executing command 'term length 0' +++
term length 0
CSR2#
[2021-12-08 01:17:44,406] +++ CSR2: executing command 'term width 0' +++
term width 0
CSR2#
[2021-12-08 01:17:44,564] +++ CSR2: executing command 'show version' +++
show version
Cisco IOS XE Software, Version 16.12.03
Cisco IOS Software [Gibraltar], Virtual XE Software (X86_64_LINUX_IOSD-UNIVERSALK9-M), Version 16.12.3, RELEASE SOFTWARE (fc5)
Technical Support: http://www.cisco.com/techsupport
Copyright (c) 1986-2020 by Cisco Systems, Inc.
Compiled Mon 09-Mar-20 21:50 by mcpre


Cisco IOS-XE software, Copyright (c) 2005-2020 by cisco Systems, Inc.
All rights reserved.  Certain components of Cisco IOS-XE software are
licensed under the GNU General Public License ("GPL") Version 2.0.  The
software code licensed under GPL Version 2.0 is free software that comes
with ABSOLUTELY NO WARRANTY.  You can redistribute and/or modify such
GPL code under the terms of GPL Version 2.0.  For more details, see the
documentation or "License Notice" file accompanying the IOS-XE software,
or the applicable URL provided on the flyer accompanying the IOS-XE
software.


ROM: IOS-XE ROMMON

CSR2 uptime is 4 hours, 45 minutes
Uptime for this control processor is 4 hours, 47 minutes
System returned to ROM by reload
System image file is "bootflash:packages.conf"
Last reload reason: reload



This product contains cryptographic features and is subject to United
States and local country laws governing import, export, transfer and
use. Delivery of Cisco cryptographic products does not imply
third-party authority to import, export, distribute or use encryption.
Importers, exporters, distributors and users are responsible for
compliance with U.S. and local country laws. By using this product you
agree to comply with applicable laws and regulations. If you are unable
to comply with U.S. and local laws, return this product immediately.

A summary of U.S. laws governing Cisco cryptographic products may be found at:
http://www.cisco.com/wwl/export/crypto/tool/stqrg.html

If you require further assistance please contact us by sending email to
export@cisco.com.

License Level: ax
License Type: N/A(Smart License Enabled)
Next reload license Level: ax


Smart Licensing Status: UNREGISTERED/No Licenses in Use

cisco CSR1000V (VXE) processor (revision VXE) with 2080230K/3075K bytes of memory.
Processor board ID 9FT5E3N682U
3 Gigabit Ethernet interfaces
32768K bytes of non-volatile configuration memory.
3978400K bytes of physical memory.
6188032K bytes of virtual hard disk at bootflash:.
0K bytes of WebUI ODM Files at webui:.

Configuration register is 0x2102

CSR2#
[2021-12-08 01:17:44,714] +++ CSR2: config +++
config term
Enter configuration commands, one per line.  End with CNTL/Z.
CSR2(config)#no logging console
CSR2(config)#line console 0
CSR2(config-line)#exec-timeout 0
CSR2(config-line)#end
CSR2#</msg>
<status status="PASS" starttime="20211208 01:17:43.991" endtime="20211208 01:17:44.833"></status>
</kw>
<status status="PASS" starttime="20211208 01:17:43.105" endtime="20211208 01:17:44.834" critical="yes"></status>
</test>
<test id="s1-t2" name="Trigger showinterfaces">
<kw name="interface_details = testbed.routers[CSR1].parse(&quot;show version&quot;)">
<msg timestamp="20211208 01:17:44.838" level="FAIL">No keyword with name 'interface_details = testbed.routers[CSR1].parse("show version")' found.</msg>
<status status="FAIL" starttime="20211208 01:17:44.838" endtime="20211208 01:17:44.839"></status>
</kw>
<status status="FAIL" starttime="20211208 01:17:44.835" endtime="20211208 01:17:44.839" critical="yes">No keyword with name 'interface_details = testbed.routers[CSR1].parse("show version")' found.</status>
</test>
<status status="FAIL" starttime="20211208 01:17:42.331" endtime="20211208 01:17:44.842"></status>
</suite>
<statistics>
<total>
<stat pass="1" fail="1">Critical Tests</stat>
<stat pass="1" fail="1">All Tests</stat>
</total>
<tag>
</tag>
<suite>
<stat pass="1" fail="1" id="s1" name="Robot Show">Robot Show</stat>
</suite>
</statistics>
<errors>
<msg timestamp="20211208 01:17:43.158" level="WARN">Could not load the Datafile correctly</msg>
</errors>
</robot>
